#
# There is insufficient memory for the Java Runtime Environment to continue.
# Native memory allocation (mmap) failed to map 34603008 bytes for Failed to commit area from 0x000000008a400000 to 0x000000008c500000 of length 34603008.
# Possible reasons:
#   The system is out of physical RAM or swap space
#   The process is running with CompressedOops enabled, and the Java Heap may be blocking the growth of the native heap
# Possible solutions:
#   Reduce memory load on the system
#   Increase physical memory or swap space
#   Check if swap backing store is full
#   Decrease Java heap size (-Xmx/-Xms)
#   Decrease number of Java threads
#   Decrease Java thread stack sizes (-Xss)
#   Set larger code cache with -XX:ReservedCodeCacheSize=
#   JVM is running with Unscaled Compressed Oops mode in which the Java heap is
#     placed in the first 4GB address space. The Java Heap base address is the
#     maximum limit for the native heap growth. Please use -XX:HeapBaseMinAddress
#     to set the Java Heap base and to place the Java Heap above 4GB virtual address.
# This output file may be truncated or incomplete.
#
#  Out of Memory Error (./src/hotspot/os/windows/os_windows.cpp:3521), pid=17464, tid=21772
#
# JRE version: OpenJDK Runtime Environment (11.0.12+7) (build 11.0.12+7-b1504.28-7817840)
# Java VM: OpenJDK 64-Bit Server VM (11.0.12+7-b1504.28-7817840, mixed mode, tiered, compressed oops, g1 gc, windows-amd64)
# No core dump will be written. Minidumps are not enabled by default on client versions of Windows
#

---------------  S U M M A R Y ------------

Command Line: --add-opens=java.base/java.util=ALL-UNNAMED --add-opens=java.base/java.lang=ALL-UNNAMED --add-opens=java.base/java.lang.invoke=ALL-UNNAMED --add-opens=java.base/java.util=ALL-UNNAMED --add-opens=java.prefs/java.util.prefs=ALL-UNNAMED --add-opens=java.prefs/java.util.prefs=ALL-UNNAMED --add-opens=java.base/java.nio.charset=ALL-UNNAMED --add-opens=java.base/java.net=ALL-UNNAMED --add-opens=java.base/java.util.concurrent.atomic=ALL-UNNAMED -Xmx2048m -Dfile.encoding=UTF-8 -Duser.country=CN -Duser.language=zh -Duser.variant org.gradle.launcher.daemon.bootstrap.GradleDaemon 7.3.3

Host: AMD Ryzen 5 4600U with Radeon Graphics         , 12 cores, 5G,  Windows 10 , 64 bit Build 19041 (10.0.19041.2251)
Time: Wed Dec  7 08:07:15 2022 中国标准时间 elapsed time: 32.273843 seconds (0d 0h 0m 32s)

---------------  T H R E A D  ---------------

Current thread (0x0000028cf762a000):  VMThread "VM Thread" [stack: 0x000000f409a00000,0x000000f409b00000] [id=21772]

Stack: [0x000000f409a00000,0x000000f409b00000]
[error occurred during error reporting (printing stack bounds), id 0xc0000005, EXCEPTION_ACCESS_VIOLATION (0xc0000005) at pc=0x0000028ce086112d]

Native frames: (J=compiled Java code, j=interpreted, Vv=VM code, C=native code)
V  [jvm.dll+0x5fbcea]
V  [jvm.dll+0x731905]
V  [jvm.dll+0x732f1d]
V  [jvm.dll+0x733535]
V  [jvm.dll+0x7334eb]
V  [jvm.dll+0x5fb080]
V  [jvm.dll+0x5fb818]
C  [ntdll.dll+0xa241f]
C  [ntdll.dll+0x514a4]
C  [ntdll.dll+0xa0f4e]
C  0x0000028ce086112d

VM_Operation (0x000000f40fbf8f40): G1CollectForAllocation, mode: safepoint, requested by thread 0x0000028cfc931800


---------------  P R O C E S S  ---------------

Threads class SMR info:
_java_thread_list=0x0000028c81094440, length=206, elements={
0x0000028cdad3c000, 0x0000028cf762e000, 0x0000028cf762f800, 0x0000028cf7ece000,
0x0000028cf764d800, 0x0000028cf764e800, 0x0000028cf7651800, 0x0000028cf7f1f800,
0x0000028cf7f30800, 0x0000028cf8096000, 0x0000028cf9984800, 0x0000028cf984a800,
0x0000028cf9eba800, 0x0000028cf9a49000, 0x0000028cf9a6a800, 0x0000028cf9f38800,
0x0000028cf9f3c000, 0x0000028cfa0de000, 0x0000028cfa15e000, 0x0000028cfa15d800,
0x0000028cfa160000, 0x0000028cfa161800, 0x0000028cfa15b800, 0x0000028cfa160800,
0x0000028cfa162800, 0x0000028cfa15c800, 0x0000028cfa15f000, 0x0000028cfc020800,
0x0000028cfc026000, 0x0000028cfc023800, 0x0000028cfc027000, 0x0000028cfc021000,
0x0000028cfc028000, 0x0000028cfc022000, 0x0000028cfc028800, 0x0000028cfc023000,
0x0000028cfc02b000, 0x0000028cfc02f000, 0x0000028cfc029800, 0x0000028cfc02d800,
0x0000028cfc02a000, 0x0000028cfc02e800, 0x0000028cfc02c000, 0x0000028cfc02c800,
0x0000028cfca46800, 0x0000028cfca4c000, 0x0000028cfca49800, 0x0000028cfca4d000,
0x0000028cfca48000, 0x0000028cfca47000, 0x0000028cfca4a800, 0x0000028cfca4d800,
0x0000028cfca4b000, 0x0000028cfca4e800, 0x0000028cfca48800, 0x0000028cfca51000,
0x0000028cfca50000, 0x0000028cfca54000, 0x0000028cfca55000, 0x0000028cfca51800,
0x0000028cfca4f800, 0x0000028cfca52800, 0x0000028cfca53800, 0x0000028cfcb83800,
0x0000028cfcb82000, 0x0000028cfcb85000, 0x0000028cfcb86800, 0x0000028cfcb86000,
0x0000028cfcb81000, 0x0000028cfcb82800, 0x0000028cfcb87800, 0x0000028cfcb8a000,
0x0000028cfcb88800, 0x0000028cfcb89000, 0x0000028cfcb84000, 0x0000028cfcb8b800,
0x0000028cfcb8c800, 0x0000028cfcb8a800, 0x0000028cfcb8e000, 0x0000028cfcb8d000,
0x0000028cfcb8f000, 0x0000028cfcb8f800, 0x0000028cfc92f000, 0x0000028cfc930000,
0x0000028cfc931800, 0x0000028cfc92e000, 0x0000028cfc92d800, 0x0000028cfc930800,
0x0000028cfc932000, 0x0000028cfc92c800, 0x0000028cfc934000, 0x0000028cfc934800,
0x0000028cfc935800, 0x0000028cfc936800, 0x0000028cfc937000, 0x0000028cfc938800,
0x0000028cfc938000, 0x0000028cfc933000, 0x0000028cfc939800, 0x0000028cfc93a800,
0x0000028cfc93b000, 0x0000028cfcb1b800, 0x0000028cfcb1d000, 0x0000028cfcb1c000,
0x0000028cfcb17800, 0x0000028cfcb1e000, 0x0000028cfcb19000, 0x0000028cfcb1a000,
0x0000028cfcb18000, 0x0000028cfcb1f800, 0x0000028cfcb1e800, 0x0000028cfcb20800,
0x0000028cfcb1a800, 0x0000028cfcb24800, 0x0000028cfcb23800, 0x0000028cfcb23000,
0x0000028cfcb22000, 0x0000028cfcb21000, 0x0000028cfcb25000, 0x0000028cfcb26000,
0x0000028cfc8a8800, 0x0000028cfc8a2800, 0x0000028cfc8a9000, 0x0000028cfc8a5000,
0x0000028cfc8a6000, 0x0000028cfc8a6800, 0x0000028cfc8a3800, 0x0000028cfc8aa000,
0x0000028cfc8a7800, 0x0000028cfc8a4000, 0x0000028cfc8b0800, 0x0000028cfc8ab800,
0x0000028cfc8af000, 0x0000028cfc8ae000, 0x0000028cfc8ac800, 0x0000028cfc8aa800,
0x0000028cfc8ad000, 0x0000028cfc8b1800, 0x0000028cfc8af800, 0x0000028cfc67d800,
0x0000028cfc67c800, 0x0000028cfc680800, 0x0000028cfc681800, 0x0000028cfc682000,
0x0000028cfc684000, 0x0000028cfc683000, 0x0000028cfc67f800, 0x0000028cfc67e000,
0x0000028cfc684800, 0x0000028cfc67f000, 0x0000028cfc686000, 0x0000028cfc689800,
0x0000028cfc685800, 0x0000028cfc687000, 0x0000028cfc688000, 0x0000028cfc688800,
0x0000028cfc68a800, 0x0000028cfc68b000, 0x0000028cfc9c6800, 0x0000028cfc9c5800,
0x0000028cfc9c7000, 0x0000028cfc9c1800, 0x0000028cfc9c4000, 0x0000028cfc9c8000,
0x0000028cfc9c3000, 0x0000028cfc9c5000, 0x0000028cfc9cd000, 0x0000028cfc9cc000,
0x0000028cfc9ca800, 0x0000028cfc9c9800, 0x0000028cfc9ce000, 0x0000028cfc9cb800,
0x0000028cfc9ce800, 0x0000028cfc9c9000, 0x0000028cfc9cf800, 0x0000028cfc9d0000,
0x0000028c80d0d800, 0x0000028c80d10000, 0x0000028c80d0c000, 0x0000028c80d0e800,
0x0000028c80d0f000, 0x0000028c80d10800, 0x0000028c80d0c800, 0x0000028c80d0b000,
0x0000028c80d17800, 0x0000028c80d11800, 0x0000028c80d18000, 0x0000028c80d12800,
0x0000028c80d14000, 0x0000028c80d16800, 0x0000028c80d15000, 0x0000028c80d19000,
0x0000028c80d13000, 0x0000028c80d15800, 0x0000028c80d1c000, 0x0000028c80d1e800,
0x0000028c80d20800, 0x0000028c80d1d000, 0x0000028c80d1e000, 0x0000028c80d1f800,
0x0000028c80d1a800, 0x0000028c80d21000, 0x0000028c80d1b800, 0x0000028c80d26000,
0x0000028c80d27800, 0x0000028c80d25000
}

Java Threads: ( => current thread )
  0x0000028cdad3c000 JavaThread "main" [_thread_blocked, id=5904, stack(0x000000f409400000,0x000000f409500000)]
  0x0000028cf762e000 JavaThread "Reference Handler" daemon [_thread_blocked, id=15124, stack(0x000000f409b00000,0x000000f409c00000)]
  0x0000028cf762f800 JavaThread "Finalizer" daemon [_thread_blocked, id=15648, stack(0x000000f409c00000,0x000000f409d00000)]
  0x0000028cf7ece000 JavaThread "Signal Dispatcher" daemon [_thread_blocked, id=19916, stack(0x000000f409d00000,0x000000f409e00000)]
  0x0000028cf764d800 JavaThread "Attach Listener" daemon [_thread_blocked, id=15884, stack(0x000000f409e00000,0x000000f409f00000)]
  0x0000028cf764e800 JavaThread "Service Thread" daemon [_thread_blocked, id=2248, stack(0x000000f409f00000,0x000000f40a000000)]
  0x0000028cf7651800 JavaThread "C2 CompilerThread0" daemon [_thread_blocked, id=4012, stack(0x000000f40a000000,0x000000f40a100000)]
  0x0000028cf7f1f800 JavaThread "C1 CompilerThread0" daemon [_thread_blocked, id=21360, stack(0x000000f40a100000,0x000000f40a200000)]
  0x0000028cf7f30800 JavaThread "Sweeper thread" daemon [_thread_blocked, id=13236, stack(0x000000f40a200000,0x000000f40a300000)]
  0x0000028cf8096000 JavaThread "Common-Cleaner" daemon [_thread_blocked, id=25996, stack(0x000000f40a300000,0x000000f40a400000)]
  0x0000028cf9984800 JavaThread "Daemon health stats" [_thread_blocked, id=17792, stack(0x000000f40a700000,0x000000f40a800000)]
  0x0000028cf984a800 JavaThread "Incoming local TCP Connector on port 55050" [_thread_in_native, id=15336, stack(0x000000f40a800000,0x000000f40a900000)]
  0x0000028cf9eba800 JavaThread "Daemon periodic checks" [_thread_blocked, id=28136, stack(0x000000f40a900000,0x000000f40aa00000)]
  0x0000028cf9a49000 JavaThread "Daemon" [_thread_blocked, id=11932, stack(0x000000f40aa00000,0x000000f40ab00000)]
  0x0000028cf9a6a800 JavaThread "Handler for socket connection from /127.0.0.1:55050 to /127.0.0.1:55051" [_thread_in_native, id=22292, stack(0x000000f40ab00000,0x000000f40ac00000)]
  0x0000028cf9f38800 JavaThread "Cancel handler" [_thread_blocked, id=21440, stack(0x000000f40ac00000,0x000000f40ad00000)]
  0x0000028cf9f3c000 JavaThread "Daemon worker" [_thread_blocked, id=12040, stack(0x000000f40ad00000,0x000000f40ae00000)]
  0x0000028cfa0de000 JavaThread "Asynchronous log dispatcher for DefaultDaemonConnection: socket connection from /127.0.0.1:55050 to /127.0.0.1:55051" [_thread_blocked, id=14888, stack(0x000000f40ae00000,0x000000f40af00000)]
  0x0000028cfa15e000 JavaThread "Stdin handler" [_thread_blocked, id=16256, stack(0x000000f40af00000,0x000000f40b000000)]
  0x0000028cfa15d800 JavaThread "Daemon client event forwarder" [_thread_blocked, id=26416, stack(0x000000f40b000000,0x000000f40b100000)]
  0x0000028cfa160000 JavaThread "Cache worker for journal cache (C:\Users\admin\.gradle\caches\journal-1)" [_thread_blocked, id=14152, stack(0x000000f40b100000,0x000000f40b200000)]
  0x0000028cfa161800 JavaThread "File lock request listener" [_thread_in_native, id=29508, stack(0x000000f40b200000,0x000000f40b300000)]
  0x0000028cfa15b800 JavaThread "Cache worker for file hash cache (C:\Users\admin\.gradle\caches\7.3.3\fileHashes)" [_thread_blocked, id=27684, stack(0x000000f40bb00000,0x000000f40bc00000)]
  0x0000028cfa160800 JavaThread "Cache worker for file hash cache (D:\Android Projects\WeatherApp1\.gradle\7.3.3\fileHashes)" [_thread_blocked, id=7360, stack(0x000000f40be00000,0x000000f40bf00000)]
  0x0000028cfa162800 JavaThread "File watcher server" daemon [_thread_blocked, id=30700, stack(0x000000f40bf00000,0x000000f40c000000)]
  0x0000028cfa15c800 JavaThread "File watcher consumer" daemon [_thread_blocked, id=11544, stack(0x000000f40c000000,0x000000f40c100000)]
  0x0000028cfa15f000 JavaThread "Cache worker for checksums cache (D:\Android Projects\WeatherApp1\.gradle\7.3.3\checksums)" [_thread_blocked, id=15936, stack(0x000000f40c100000,0x000000f40c200000)]
  0x0000028cfc020800 JavaThread "Cache worker for cache directory md-supplier (C:\Users\admin\.gradle\caches\7.3.3\md-supplier)" [_thread_blocked, id=28548, stack(0x000000f40c200000,0x000000f40c300000)]
  0x0000028cfc026000 JavaThread "Cache worker for cache directory md-rule (C:\Users\admin\.gradle\caches\7.3.3\md-rule)" [_thread_blocked, id=16800, stack(0x000000f40c300000,0x000000f40c400000)]
  0x0000028cfc023800 JavaThread "Cache worker for execution history cache (C:\Users\admin\.gradle\caches\7.3.3\executionHistory)" [_thread_blocked, id=14552, stack(0x000000f40c400000,0x000000f40c500000)]
  0x0000028cfc027000 JavaThread "jar transforms" [_thread_blocked, id=3008, stack(0x000000f40c500000,0x000000f40c600000)]
  0x0000028cfc021000 JavaThread "Cache worker for file content cache (C:\Users\admin\.gradle\caches\7.3.3\fileContent)" [_thread_blocked, id=28100, stack(0x000000f40c600000,0x000000f40c700000)]
  0x0000028cfc028000 JavaThread "jar transforms Thread 2" [_thread_blocked, id=15916, stack(0x000000f40c700000,0x000000f40c800000)]
  0x0000028cfc022000 JavaThread "Cache worker for dependencies-accessors (D:\Android Projects\WeatherApp1\.gradle\7.3.3\dependencies-accessors)" [_thread_blocked, id=2824, stack(0x000000f40c800000,0x000000f40c900000)]
  0x0000028cfc028800 JavaThread "jar transforms Thread 3" [_thread_blocked, id=20512, stack(0x000000f40c900000,0x000000f40ca00000)]
  0x0000028cfc023000 JavaThread "Cache worker for Build Output Cleanup Cache (D:\Android Projects\WeatherApp1\.gradle\buildOutputCleanup)" [_thread_blocked, id=9508, stack(0x000000f40ca00000,0x000000f40cb00000)]
  0x0000028cfc02b000 JavaThread "Unconstrained build operations" [_thread_blocked, id=22652, stack(0x000000f40cb00000,0x000000f40cc00000)]
  0x0000028cfc02f000 JavaThread "Unconstrained build operations Thread 2" [_thread_blocked, id=25676, stack(0x000000f40cc00000,0x000000f40cd00000)]
  0x0000028cfc029800 JavaThread "Unconstrained build operations Thread 3" [_thread_blocked, id=6588, stack(0x000000f40cd00000,0x000000f40ce00000)]
  0x0000028cfc02d800 JavaThread "Unconstrained build operations Thread 4" [_thread_blocked, id=11580, stack(0x000000f40ce00000,0x000000f40cf00000)]
  0x0000028cfc02a000 JavaThread "Unconstrained build operations Thread 5" [_thread_blocked, id=11864, stack(0x000000f40cf00000,0x000000f40d000000)]
  0x0000028cfc02e800 JavaThread "Unconstrained build operations Thread 6" [_thread_blocked, id=20092, stack(0x000000f40d000000,0x000000f40d100000)]
  0x0000028cfc02c000 JavaThread "Unconstrained build operations Thread 7" [_thread_blocked, id=27864, stack(0x000000f40d100000,0x000000f40d200000)]
  0x0000028cfc02c800 JavaThread "Unconstrained build operations Thread 8" [_thread_blocked, id=24332, stack(0x000000f40d200000,0x000000f40d300000)]
  0x0000028cfca46800 JavaThread "Unconstrained build operations Thread 9" [_thread_blocked, id=28768, stack(0x000000f40d300000,0x000000f40d400000)]
  0x0000028cfca4c000 JavaThread "Unconstrained build operations Thread 10" [_thread_blocked, id=7900, stack(0x000000f40d400000,0x000000f40d500000)]
  0x0000028cfca49800 JavaThread "Unconstrained build operations Thread 11" [_thread_blocked, id=3552, stack(0x000000f40d500000,0x000000f40d600000)]
  0x0000028cfca4d000 JavaThread "Unconstrained build operations Thread 12" [_thread_blocked, id=15584, stack(0x000000f40d600000,0x000000f40d700000)]
  0x0000028cfca48000 JavaThread "Unconstrained build operations Thread 13" [_thread_blocked, id=6428, stack(0x000000f40d700000,0x000000f40d800000)]
  0x0000028cfca47000 JavaThread "Unconstrained build operations Thread 14" [_thread_blocked, id=16804, stack(0x000000f40d800000,0x000000f40d900000)]
  0x0000028cfca4a800 JavaThread "Unconstrained build operations Thread 15" [_thread_blocked, id=2520, stack(0x000000f40d900000,0x000000f40da00000)]
  0x0000028cfca4d800 JavaThread "Unconstrained build operations Thread 16" [_thread_blocked, id=13532, stack(0x000000f40da00000,0x000000f40db00000)]
  0x0000028cfca4b000 JavaThread "Unconstrained build operations Thread 17" [_thread_blocked, id=21808, stack(0x000000f40db00000,0x000000f40dc00000)]
  0x0000028cfca4e800 JavaThread "Unconstrained build operations Thread 18" [_thread_blocked, id=2256, stack(0x000000f40dc00000,0x000000f40dd00000)]
  0x0000028cfca48800 JavaThread "Unconstrained build operations Thread 19" [_thread_blocked, id=10668, stack(0x000000f40dd00000,0x000000f40de00000)]
  0x0000028cfca51000 JavaThread "Unconstrained build operations Thread 20" [_thread_blocked, id=2272, stack(0x000000f40de00000,0x000000f40df00000)]
  0x0000028cfca50000 JavaThread "Unconstrained build operations Thread 21" [_thread_blocked, id=20764, stack(0x000000f40df00000,0x000000f40e000000)]
  0x0000028cfca54000 JavaThread "Unconstrained build operations Thread 22" [_thread_blocked, id=6988, stack(0x000000f40e000000,0x000000f40e100000)]
  0x0000028cfca55000 JavaThread "Unconstrained build operations Thread 23" [_thread_blocked, id=3640, stack(0x000000f40e100000,0x000000f40e200000)]
  0x0000028cfca51800 JavaThread "Unconstrained build operations Thread 24" [_thread_blocked, id=27640, stack(0x000000f40e200000,0x000000f40e300000)]
  0x0000028cfca4f800 JavaThread "Unconstrained build operations Thread 25" [_thread_blocked, id=22412, stack(0x000000f40e300000,0x000000f40e400000)]
  0x0000028cfca52800 JavaThread "Unconstrained build operations Thread 26" [_thread_blocked, id=24816, stack(0x000000f40e400000,0x000000f40e500000)]
  0x0000028cfca53800 JavaThread "Unconstrained build operations Thread 27" [_thread_blocked, id=20884, stack(0x000000f40e500000,0x000000f40e600000)]
  0x0000028cfcb83800 JavaThread "Unconstrained build operations Thread 28" [_thread_blocked, id=22208, stack(0x000000f40e600000,0x000000f40e700000)]
  0x0000028cfcb82000 JavaThread "Unconstrained build operations Thread 29" [_thread_blocked, id=8384, stack(0x000000f40e700000,0x000000f40e800000)]
  0x0000028cfcb85000 JavaThread "Unconstrained build operations Thread 30" [_thread_blocked, id=24540, stack(0x000000f40e800000,0x000000f40e900000)]
  0x0000028cfcb86800 JavaThread "Unconstrained build operations Thread 31" [_thread_blocked, id=28376, stack(0x000000f40e900000,0x000000f40ea00000)]
  0x0000028cfcb86000 JavaThread "Unconstrained build operations Thread 32" [_thread_blocked, id=18652, stack(0x000000f40ea00000,0x000000f40eb00000)]
  0x0000028cfcb81000 JavaThread "Unconstrained build operations Thread 33" [_thread_blocked, id=19952, stack(0x000000f40eb00000,0x000000f40ec00000)]
  0x0000028cfcb82800 JavaThread "Unconstrained build operations Thread 34" [_thread_blocked, id=15048, stack(0x000000f40ec00000,0x000000f40ed00000)]
  0x0000028cfcb87800 JavaThread "Unconstrained build operations Thread 35" [_thread_blocked, id=23000, stack(0x000000f40ed00000,0x000000f40ee00000)]
  0x0000028cfcb8a000 JavaThread "Unconstrained build operations Thread 36" [_thread_blocked, id=10764, stack(0x000000f40ee00000,0x000000f40ef00000)]
  0x0000028cfcb88800 JavaThread "Unconstrained build operations Thread 37" [_thread_blocked, id=25392, stack(0x000000f40ef00000,0x000000f40f000000)]
  0x0000028cfcb89000 JavaThread "Unconstrained build operations Thread 38" [_thread_blocked, id=19352, stack(0x000000f40f000000,0x000000f40f100000)]
  0x0000028cfcb84000 JavaThread "Unconstrained build operations Thread 39" [_thread_blocked, id=7392, stack(0x000000f40f100000,0x000000f40f200000)]
  0x0000028cfcb8b800 JavaThread "Unconstrained build operations Thread 40" [_thread_blocked, id=18476, stack(0x000000f40f200000,0x000000f40f300000)]
  0x0000028cfcb8c800 JavaThread "Unconstrained build operations Thread 41" [_thread_blocked, id=17580, stack(0x000000f40f300000,0x000000f40f400000)]
  0x0000028cfcb8a800 JavaThread "Unconstrained build operations Thread 42" [_thread_blocked, id=2312, stack(0x000000f40f400000,0x000000f40f500000)]
  0x0000028cfcb8e000 JavaThread "Unconstrained build operations Thread 43" [_thread_blocked, id=22736, stack(0x000000f40f500000,0x000000f40f600000)]
  0x0000028cfcb8d000 JavaThread "Unconstrained build operations Thread 44" [_thread_blocked, id=12304, stack(0x000000f40f600000,0x000000f40f700000)]
  0x0000028cfcb8f000 JavaThread "Unconstrained build operations Thread 45" [_thread_blocked, id=16880, stack(0x000000f40f700000,0x000000f40f800000)]
  0x0000028cfcb8f800 JavaThread "Unconstrained build operations Thread 46" [_thread_blocked, id=27340, stack(0x000000f40f800000,0x000000f40f900000)]
  0x0000028cfc92f000 JavaThread "Unconstrained build operations Thread 47" [_thread_blocked, id=27036, stack(0x000000f40f900000,0x000000f40fa00000)]
  0x0000028cfc930000 JavaThread "Unconstrained build operations Thread 48" [_thread_blocked, id=9988, stack(0x000000f40fa00000,0x000000f40fb00000)]
  0x0000028cfc931800 JavaThread "Unconstrained build operations Thread 49" [_thread_blocked, id=19332, stack(0x000000f40fb00000,0x000000f40fc00000)]
  0x0000028cfc92e000 JavaThread "Unconstrained build operations Thread 50" [_thread_blocked, id=544, stack(0x000000f40fc00000,0x000000f40fd00000)]
  0x0000028cfc92d800 JavaThread "Unconstrained build operations Thread 51" [_thread_blocked, id=20180, stack(0x000000f40fd00000,0x000000f40fe00000)]
  0x0000028cfc930800 JavaThread "Unconstrained build operations Thread 52" [_thread_blocked, id=13024, stack(0x000000f40fe00000,0x000000f40ff00000)]
  0x0000028cfc932000 JavaThread "Unconstrained build operations Thread 53" [_thread_blocked, id=24056, stack(0x000000f40ff00000,0x000000f410000000)]
  0x0000028cfc92c800 JavaThread "Unconstrained build operations Thread 54" [_thread_blocked, id=10828, stack(0x000000f410000000,0x000000f410100000)]
  0x0000028cfc934000 JavaThread "Unconstrained build operations Thread 55" [_thread_blocked, id=21112, stack(0x000000f410100000,0x000000f410200000)]
  0x0000028cfc934800 JavaThread "Unconstrained build operations Thread 56" [_thread_blocked, id=29712, stack(0x000000f410200000,0x000000f410300000)]
  0x0000028cfc935800 JavaThread "Unconstrained build operations Thread 57" [_thread_blocked, id=22656, stack(0x000000f410300000,0x000000f410400000)]
  0x0000028cfc936800 JavaThread "Unconstrained build operations Thread 58" [_thread_blocked, id=14952, stack(0x000000f410400000,0x000000f410500000)]
  0x0000028cfc937000 JavaThread "Unconstrained build operations Thread 59" [_thread_blocked, id=11688, stack(0x000000f410500000,0x000000f410600000)]
  0x0000028cfc938800 JavaThread "Unconstrained build operations Thread 60" [_thread_blocked, id=13992, stack(0x000000f410600000,0x000000f410700000)]
  0x0000028cfc938000 JavaThread "Unconstrained build operations Thread 61" [_thread_blocked, id=13676, stack(0x000000f410700000,0x000000f410800000)]
  0x0000028cfc933000 JavaThread "Unconstrained build operations Thread 62" [_thread_blocked, id=10816, stack(0x000000f410800000,0x000000f410900000)]
  0x0000028cfc939800 JavaThread "Unconstrained build operations Thread 63" [_thread_blocked, id=11152, stack(0x000000f410900000,0x000000f410a00000)]
  0x0000028cfc93a800 JavaThread "Unconstrained build operations Thread 64" [_thread_blocked, id=20656, stack(0x000000f410a00000,0x000000f410b00000)]
  0x0000028cfc93b000 JavaThread "Unconstrained build operations Thread 65" [_thread_blocked, id=21052, stack(0x000000f410b00000,0x000000f410c00000)]
  0x0000028cfcb1b800 JavaThread "Unconstrained build operations Thread 66" [_thread_blocked, id=17068, stack(0x000000f410c00000,0x000000f410d00000)]
  0x0000028cfcb1d000 JavaThread "Unconstrained build operations Thread 67" [_thread_blocked, id=14716, stack(0x000000f410d00000,0x000000f410e00000)]
  0x0000028cfcb1c000 JavaThread "Unconstrained build operations Thread 68" [_thread_blocked, id=15632, stack(0x000000f410e00000,0x000000f410f00000)]
  0x0000028cfcb17800 JavaThread "Unconstrained build operations Thread 69" [_thread_blocked, id=13048, stack(0x000000f410f00000,0x000000f411000000)]
  0x0000028cfcb1e000 JavaThread "Unconstrained build operations Thread 70" [_thread_blocked, id=16244, stack(0x000000f411000000,0x000000f411100000)]
  0x0000028cfcb19000 JavaThread "Unconstrained build operations Thread 71" [_thread_blocked, id=28392, stack(0x000000f411100000,0x000000f411200000)]
  0x0000028cfcb1a000 JavaThread "Unconstrained build operations Thread 72" [_thread_blocked, id=25396, stack(0x000000f411200000,0x000000f411300000)]
  0x0000028cfcb18000 JavaThread "Unconstrained build operations Thread 73" [_thread_blocked, id=20548, stack(0x000000f411300000,0x000000f411400000)]
  0x0000028cfcb1f800 JavaThread "Unconstrained build operations Thread 74" [_thread_blocked, id=22904, stack(0x000000f411400000,0x000000f411500000)]
  0x0000028cfcb1e800 JavaThread "Unconstrained build operations Thread 75" [_thread_blocked, id=17548, stack(0x000000f411500000,0x000000f411600000)]
  0x0000028cfcb20800 JavaThread "Unconstrained build operations Thread 76" [_thread_blocked, id=6256, stack(0x000000f411600000,0x000000f411700000)]
  0x0000028cfcb1a800 JavaThread "Unconstrained build operations Thread 77" [_thread_blocked, id=17116, stack(0x000000f411700000,0x000000f411800000)]
  0x0000028cfcb24800 JavaThread "Unconstrained build operations Thread 78" [_thread_blocked, id=23716, stack(0x000000f411800000,0x000000f411900000)]
  0x0000028cfcb23800 JavaThread "Unconstrained build operations Thread 79" [_thread_blocked, id=30520, stack(0x000000f411900000,0x000000f411a00000)]
  0x0000028cfcb23000 JavaThread "Unconstrained build operations Thread 80" [_thread_blocked, id=9084, stack(0x000000f411a00000,0x000000f411b00000)]
  0x0000028cfcb22000 JavaThread "Unconstrained build operations Thread 81" [_thread_blocked, id=22980, stack(0x000000f411b00000,0x000000f411c00000)]
  0x0000028cfcb21000 JavaThread "Unconstrained build operations Thread 82" [_thread_blocked, id=12588, stack(0x000000f411c00000,0x000000f411d00000)]
  0x0000028cfcb25000 JavaThread "Unconstrained build operations Thread 83" [_thread_blocked, id=27940, stack(0x000000f411d00000,0x000000f411e00000)]
  0x0000028cfcb26000 JavaThread "Unconstrained build operations Thread 84" [_thread_blocked, id=6272, stack(0x000000f411e00000,0x000000f411f00000)]
  0x0000028cfc8a8800 JavaThread "Unconstrained build operations Thread 85" [_thread_blocked, id=24024, stack(0x000000f411f00000,0x000000f412000000)]
  0x0000028cfc8a2800 JavaThread "Unconstrained build operations Thread 86" [_thread_blocked, id=16636, stack(0x000000f412000000,0x000000f412100000)]
  0x0000028cfc8a9000 JavaThread "Unconstrained build operations Thread 87" [_thread_blocked, id=14936, stack(0x000000f412100000,0x000000f412200000)]
  0x0000028cfc8a5000 JavaThread "Unconstrained build operations Thread 88" [_thread_blocked, id=3884, stack(0x000000f412200000,0x000000f412300000)]
  0x0000028cfc8a6000 JavaThread "Unconstrained build operations Thread 89" [_thread_blocked, id=5036, stack(0x000000f412300000,0x000000f412400000)]
  0x0000028cfc8a6800 JavaThread "Unconstrained build operations Thread 90" [_thread_blocked, id=14688, stack(0x000000f412400000,0x000000f412500000)]
  0x0000028cfc8a3800 JavaThread "Unconstrained build operations Thread 91" [_thread_blocked, id=15144, stack(0x000000f412500000,0x000000f412600000)]
  0x0000028cfc8aa000 JavaThread "Unconstrained build operations Thread 92" [_thread_blocked, id=24844, stack(0x000000f412600000,0x000000f412700000)]
  0x0000028cfc8a7800 JavaThread "Unconstrained build operations Thread 93" [_thread_blocked, id=16392, stack(0x000000f412700000,0x000000f412800000)]
  0x0000028cfc8a4000 JavaThread "Unconstrained build operations Thread 94" [_thread_blocked, id=28968, stack(0x000000f412800000,0x000000f412900000)]
  0x0000028cfc8b0800 JavaThread "Unconstrained build operations Thread 95" [_thread_blocked, id=19696, stack(0x000000f412900000,0x000000f412a00000)]
  0x0000028cfc8ab800 JavaThread "Unconstrained build operations Thread 96" [_thread_blocked, id=14684, stack(0x000000f412a00000,0x000000f412b00000)]
  0x0000028cfc8af000 JavaThread "Unconstrained build operations Thread 97" [_thread_blocked, id=16380, stack(0x000000f412b00000,0x000000f412c00000)]
  0x0000028cfc8ae000 JavaThread "Unconstrained build operations Thread 98" [_thread_blocked, id=6916, stack(0x000000f412c00000,0x000000f412d00000)]
  0x0000028cfc8ac800 JavaThread "Unconstrained build operations Thread 99" [_thread_blocked, id=10516, stack(0x000000f412d00000,0x000000f412e00000)]
  0x0000028cfc8aa800 JavaThread "Unconstrained build operations Thread 100" [_thread_blocked, id=25240, stack(0x000000f412e00000,0x000000f412f00000)]
  0x0000028cfc8ad000 JavaThread "Unconstrained build operations Thread 101" [_thread_blocked, id=20484, stack(0x000000f412f00000,0x000000f413000000)]
  0x0000028cfc8b1800 JavaThread "Unconstrained build operations Thread 102" [_thread_blocked, id=14020, stack(0x000000f413000000,0x000000f413100000)]
  0x0000028cfc8af800 JavaThread "Unconstrained build operations Thread 103" [_thread_blocked, id=15444, stack(0x000000f413100000,0x000000f413200000)]
  0x0000028cfc67d800 JavaThread "Unconstrained build operations Thread 104" [_thread_blocked, id=8508, stack(0x000000f413200000,0x000000f413300000)]
  0x0000028cfc67c800 JavaThread "Unconstrained build operations Thread 105" [_thread_blocked, id=21716, stack(0x000000f413300000,0x000000f413400000)]
  0x0000028cfc680800 JavaThread "Unconstrained build operations Thread 106" [_thread_blocked, id=15860, stack(0x000000f413400000,0x000000f413500000)]
  0x0000028cfc681800 JavaThread "Unconstrained build operations Thread 107" [_thread_blocked, id=12952, stack(0x000000f413500000,0x000000f413600000)]
  0x0000028cfc682000 JavaThread "Unconstrained build operations Thread 108" [_thread_blocked, id=10836, stack(0x000000f413600000,0x000000f413700000)]
  0x0000028cfc684000 JavaThread "Unconstrained build operations Thread 109" [_thread_blocked, id=29480, stack(0x000000f413700000,0x000000f413800000)]
  0x0000028cfc683000 JavaThread "Unconstrained build operations Thread 110" [_thread_blocked, id=28260, stack(0x000000f413800000,0x000000f413900000)]
  0x0000028cfc67f800 JavaThread "Unconstrained build operations Thread 111" [_thread_blocked, id=10004, stack(0x000000f413900000,0x000000f413a00000)]
  0x0000028cfc67e000 JavaThread "Unconstrained build operations Thread 112" [_thread_blocked, id=19724, stack(0x000000f413a00000,0x000000f413b00000)]
  0x0000028cfc684800 JavaThread "Unconstrained build operations Thread 113" [_thread_blocked, id=29048, stack(0x000000f413b00000,0x000000f413c00000)]
  0x0000028cfc67f000 JavaThread "Unconstrained build operations Thread 114" [_thread_blocked, id=520, stack(0x000000f413c00000,0x000000f413d00000)]
  0x0000028cfc686000 JavaThread "Unconstrained build operations Thread 115" [_thread_blocked, id=27680, stack(0x000000f413d00000,0x000000f413e00000)]
  0x0000028cfc689800 JavaThread "Unconstrained build operations Thread 116" [_thread_blocked, id=26152, stack(0x000000f413e00000,0x000000f413f00000)]
  0x0000028cfc685800 JavaThread "Unconstrained build operations Thread 117" [_thread_blocked, id=22556, stack(0x000000f413f00000,0x000000f414000000)]
  0x0000028cfc687000 JavaThread "Unconstrained build operations Thread 118" [_thread_blocked, id=8676, stack(0x000000f414000000,0x000000f414100000)]
  0x0000028cfc688000 JavaThread "Unconstrained build operations Thread 119" [_thread_blocked, id=9796, stack(0x000000f414100000,0x000000f414200000)]
  0x0000028cfc688800 JavaThread "Unconstrained build operations Thread 120" [_thread_blocked, id=4828, stack(0x000000f414200000,0x000000f414300000)]
  0x0000028cfc68a800 JavaThread "jar transforms Thread 4" [_thread_blocked, id=22600, stack(0x000000f414300000,0x000000f414400000)]
  0x0000028cfc68b000 JavaThread "jar transforms Thread 5" [_thread_blocked, id=24220, stack(0x000000f414400000,0x000000f414500000)]
  0x0000028cfc9c6800 JavaThread "jar transforms Thread 6" [_thread_blocked, id=28592, stack(0x000000f414500000,0x000000f414600000)]
  0x0000028cfc9c5800 JavaThread "jar transforms Thread 7" [_thread_blocked, id=29960, stack(0x000000f414600000,0x000000f414700000)]
  0x0000028cfc9c7000 JavaThread "jar transforms Thread 8" [_thread_blocked, id=20284, stack(0x000000f414700000,0x000000f414800000)]
  0x0000028cfc9c1800 JavaThread "jar transforms Thread 9" [_thread_blocked, id=29340, stack(0x000000f414800000,0x000000f414900000)]
  0x0000028cfc9c4000 JavaThread "jar transforms Thread 10" [_thread_blocked, id=16500, stack(0x000000f414900000,0x000000f414a00000)]
  0x0000028cfc9c8000 JavaThread "jar transforms Thread 11" [_thread_blocked, id=19284, stack(0x000000f414a00000,0x000000f414b00000)]
  0x0000028cfc9c3000 JavaThread "jar transforms Thread 12" [_thread_blocked, id=4452, stack(0x000000f414b00000,0x000000f414c00000)]
  0x0000028cfc9c5000 JavaThread "Memory manager" [_thread_blocked, id=16220, stack(0x000000f414c00000,0x000000f414d00000)]
  0x0000028cfc9cd000 JavaThread "build event listener" [_thread_blocked, id=16572, stack(0x000000f414d00000,0x000000f414e00000)]
  0x0000028cfc9cc000 JavaThread "pool-3-thread-1" [_thread_blocked, id=21760, stack(0x000000f414e00000,0x000000f414f00000)]
  0x0000028cfc9ca800 JavaThread "build event listener" [_thread_blocked, id=26568, stack(0x000000f414f00000,0x000000f415000000)]
  0x0000028cfc9c9800 JavaThread "Execution worker for ':'" [_thread_blocked, id=29504, stack(0x000000f415000000,0x000000f415100000)]
  0x0000028cfc9ce000 JavaThread "Execution worker for ':' Thread 2" [_thread_blocked, id=30476, stack(0x000000f415100000,0x000000f415200000)]
  0x0000028cfc9cb800 JavaThread "Execution worker for ':' Thread 3" [_thread_blocked, id=20596, stack(0x000000f415200000,0x000000f415300000)]
  0x0000028cfc9ce800 JavaThread "Execution worker for ':' Thread 4" [_thread_blocked, id=1356, stack(0x000000f415300000,0x000000f415400000)]
  0x0000028cfc9c9000 JavaThread "Execution worker for ':' Thread 5" [_thread_blocked, id=23652, stack(0x000000f415400000,0x000000f415500000)]
  0x0000028cfc9cf800 JavaThread "Execution worker for ':' Thread 6" [_thread_blocked, id=29888, stack(0x000000f415500000,0x000000f415600000)]
  0x0000028cfc9d0000 JavaThread "Execution worker for ':' Thread 7" [_thread_blocked, id=26016, stack(0x000000f415600000,0x000000f415700000)]
  0x0000028c80d0d800 JavaThread "Execution worker for ':' Thread 8" [_thread_blocked, id=21000, stack(0x000000f415700000,0x000000f415800000)]
  0x0000028c80d10000 JavaThread "Execution worker for ':' Thread 9" [_thread_blocked, id=15208, stack(0x000000f415800000,0x000000f415900000)]
  0x0000028c80d0c000 JavaThread "Execution worker for ':' Thread 10" [_thread_blocked, id=18340, stack(0x000000f415900000,0x000000f415a00000)]
  0x0000028c80d0e800 JavaThread "Execution worker for ':' Thread 11" [_thread_blocked, id=26272, stack(0x000000f415a00000,0x000000f415b00000)]
  0x0000028c80d0f000 JavaThread "Cache worker for execution history cache (D:\Android Projects\WeatherApp1\.gradle\7.3.3\executionHistory)" [_thread_blocked, id=20808, stack(0x000000f415b00000,0x000000f415c00000)]
  0x0000028c80d10800 JavaThread "Cache worker for Java compile cache (C:\Users\admin\.gradle\caches\7.3.3\javaCompile)" [_thread_blocked, id=17556, stack(0x000000f415c00000,0x000000f415d00000)]
  0x0000028c80d0c800 JavaThread "Build operations" [_thread_blocked, id=23632, stack(0x000000f415d00000,0x000000f415e00000)]
  0x0000028c80d0b000 JavaThread "Build operations Thread 2" [_thread_blocked, id=9624, stack(0x000000f415e00000,0x000000f415f00000)]
  0x0000028c80d17800 JavaThread "Build operations Thread 3" [_thread_blocked, id=21124, stack(0x000000f415f00000,0x000000f416000000)]
  0x0000028c80d11800 JavaThread "Build operations Thread 4" [_thread_blocked, id=5616, stack(0x000000f416000000,0x000000f416100000)]
  0x0000028c80d18000 JavaThread "Build operations Thread 5" [_thread_blocked, id=29736, stack(0x000000f416100000,0x000000f416200000)]
  0x0000028c80d12800 JavaThread "Build operations Thread 6" [_thread_blocked, id=28912, stack(0x000000f416200000,0x000000f416300000)]
  0x0000028c80d14000 JavaThread "Build operations Thread 7" [_thread_blocked, id=29912, stack(0x000000f416300000,0x000000f416400000)]
  0x0000028c80d16800 JavaThread "Build operations Thread 8" [_thread_blocked, id=7296, stack(0x000000f416400000,0x000000f416500000)]
  0x0000028c80d15000 JavaThread "Build operations Thread 9" [_thread_blocked, id=4524, stack(0x000000f416500000,0x000000f416600000)]
  0x0000028c80d19000 JavaThread "Build operations Thread 10" [_thread_blocked, id=12536, stack(0x000000f416600000,0x000000f416700000)]
  0x0000028c80d13000 JavaThread "Build operations Thread 11" [_thread_blocked, id=12192, stack(0x000000f416700000,0x000000f416800000)]
  0x0000028c80d15800 JavaThread "Build operations Thread 12" [_thread_blocked, id=704, stack(0x000000f416800000,0x000000f416900000)]
  0x0000028c80d1c000 JavaThread "WorkerExecutor Queue" [_thread_blocked, id=6808, stack(0x000000f416900000,0x000000f416a00000)]
  0x0000028c80d1e800 JavaThread "WorkerExecutor Queue Thread 3" [_thread_blocked, id=11340, stack(0x000000f416b00000,0x000000f416c00000)]
  0x0000028c80d20800 JavaThread "WorkerExecutor Queue Thread 4" [_thread_blocked, id=16816, stack(0x000000f416c00000,0x000000f416d00000)]
  0x0000028c80d1d000 JavaThread "WorkerExecutor Queue Thread 5" [_thread_blocked, id=30564, stack(0x000000f416d00000,0x000000f416e00000)]
  0x0000028c80d1e000 JavaThread "WorkerExecutor Queue Thread 6" [_thread_blocked, id=22820, stack(0x000000f416e00000,0x000000f416f00000)]
  0x0000028c80d1f800 JavaThread "WorkerExecutor Queue Thread 7" [_thread_blocked, id=26388, stack(0x000000f416f00000,0x000000f417000000)]
  0x0000028c80d1a800 JavaThread "WorkerExecutor Queue Thread 8" [_thread_blocked, id=7376, stack(0x000000f417000000,0x000000f417100000)]
  0x0000028c80d21000 JavaThread "WorkerExecutor Queue Thread 9" [_thread_blocked, id=23684, stack(0x000000f417100000,0x000000f417200000)]
  0x0000028c80d1b800 JavaThread "WorkerExecutor Queue Thread 10" [_thread_blocked, id=1720, stack(0x000000f417200000,0x000000f417300000)]
  0x0000028c80d26000 JavaThread "WorkerExecutor Queue Thread 11" [_thread_blocked, id=18996, stack(0x000000f417300000,0x000000f417400000)]
  0x0000028c80d27800 JavaThread "WorkerExecutor Queue Thread 12" [_thread_blocked, id=23688, stack(0x000000f417400000,0x000000f417500000)]
  0x0000028c80d25000 JavaThread "WorkerExecutor Queue Thread 13" [_thread_blocked, id=26052, stack(0x000000f417500000,0x000000f417600000)]

Other Threads:
=>0x0000028cf762a000 VMThread "VM Thread" [stack: 0x000000f409a00000,0x000000f409b00000] [id=21772]
  0x0000028cf80a3000 WatcherThread [stack: 0x000000f40a400000,0x000000f40a500000] [id=17940]
  0x0000028cdcd63800 GCTaskThread "GC Thread#0" [stack: 0x000000f409500000,0x000000f409600000] [id=19888]
  0x0000028cf8476000 GCTaskThread "GC Thread#1" [stack: 0x000000f40a500000,0x000000f40a600000] [id=19028]
  0x0000028cfa0dd000 GCTaskThread "GC Thread#2" [stack: 0x000000f40b300000,0x000000f40b400000] [id=26168]
  0x0000028cfa177000 GCTaskThread "GC Thread#3" [stack: 0x000000f40b400000,0x000000f40b500000] [id=13352]
  0x0000028cfa173000 GCTaskThread "GC Thread#4" [stack: 0x000000f40b500000,0x000000f40b600000] [id=6552]
  0x0000028cfa0d2000 GCTaskThread "GC Thread#5" [stack: 0x000000f40b600000,0x000000f40b700000] [id=23432]
  0x0000028cfa0d3000 GCTaskThread "GC Thread#6" [stack: 0x000000f40b700000,0x000000f40b800000] [id=15356]
  0x0000028cfa628800 GCTaskThread "GC Thread#7" [stack: 0x000000f40b800000,0x000000f40b900000] [id=26236]
  0x0000028cfa627000 GCTaskThread "GC Thread#8" [stack: 0x000000f40b900000,0x000000f40ba00000] [id=5908]
  0x0000028cfa628000 GCTaskThread "GC Thread#9" [stack: 0x000000f40ba00000,0x000000f40bb00000] [id=21424]
  0x0000028cdcd96000 ConcurrentGCThread "G1 Main Marker" [stack: 0x000000f409600000,0x000000f409700000] [id=27996]
  0x0000028cdcd98800 ConcurrentGCThread "G1 Conc#0" [stack: 0x000000f409700000,0x000000f409800000] [id=26928]
  0x0000028cfa629800 ConcurrentGCThread "G1 Conc#1" [stack: 0x000000f40bc00000,0x000000f40bd00000] [id=22124]
  0x0000028cfa62d000 ConcurrentGCThread "G1 Conc#2" [stack: 0x000000f40bd00000,0x000000f40be00000] [id=17644]
  0x0000028cf7474800 ConcurrentGCThread "G1 Refine#0" [stack: 0x000000f409800000,0x000000f409900000] [id=21448]
  0x0000028cfa500800 ConcurrentGCThread "G1 Refine#1" [stack: 0x000000f40a600000,0x000000f40a700000] [id=13348]
  0x0000028cf7475000 ConcurrentGCThread "G1 Young RemSet Sampling" [stack: 0x000000f409900000,0x000000f409a00000] [id=19200]

Threads with active compile tasks:
C2 CompilerThread0  32314 16208       4       com.android.tools.r8.internal.sT::b (671 bytes)
C1 CompilerThread0  32314 16288       3       com.android.tools.r8.internal.Ql::a (3110 bytes)

VM state:at safepoint (normal execution)

VM Mutex/Monitor currently owned by a thread:  ([mutex/lock_event])
[0x0000028cdad3a4a0] Threads_lock - owner thread: 0x0000028cf762a000
[0x0000028cdad3a6e0] Heap_lock - owner thread: 0x0000028cfc931800

Heap address: 0x0000000080000000, size: 2048 MB, Compressed Oops mode: 32-bit
Narrow klass base: 0x0000000000000000, Narrow klass shift: 3
Compressed class space size: 1073741824 Address: 0x0000000100000000

Heap:
 garbage-first heap   total 201728K, used 96716K [0x0000000080000000, 0x0000000100000000)
  region size 1024K, 1 young (1024K), 1 survivors (1024K)
 Metaspace       used 110973K, capacity 113958K, committed 118180K, reserved 1150976K
  class space    used 14202K, capacity 15289K, committed 16972K, reserved 1048576K
Heap Regions: E=young(eden), S=young(survivor), O=old, HS=humongous(starts), HC=humongous(continues), CS=collection set, F=free, A=archive, TAMS=top-at-mark-start (previous, next)
|   0|0x0000000080000000, 0x0000000080100000, 0x0000000080100000|100%| O|  |TAMS 0x0000000080100000, 0x0000000080000000| Untracked 
|   1|0x0000000080100000, 0x0000000080200000, 0x0000000080200000|100%| O|  |TAMS 0x0000000080200000, 0x0000000080100000| Complete 
|   2|0x0000000080200000, 0x0000000080300000, 0x0000000080300000|100%| O|  |TAMS 0x0000000080300000, 0x0000000080200000| Untracked 
|   3|0x0000000080300000, 0x0000000080400000, 0x0000000080400000|100%|HS|  |TAMS 0x0000000080400000, 0x0000000080300000| Complete 
|   4|0x0000000080400000, 0x0000000080500000, 0x0000000080500000|100%|HC|  |TAMS 0x0000000080500000, 0x0000000080400000| Complete 
|   5|0x0000000080500000, 0x0000000080600000, 0x0000000080600000|100%|HC|  |TAMS 0x0000000080600000, 0x0000000080500000| Complete 
|   6|0x0000000080600000, 0x0000000080700000, 0x0000000080700000|100%| O|  |TAMS 0x0000000080700000, 0x0000000080600000| Untracked 
|   7|0x0000000080700000, 0x0000000080800000, 0x0000000080800000|100%| O|  |TAMS 0x0000000080800000, 0x0000000080700000| Untracked 
|   8|0x0000000080800000, 0x0000000080900000, 0x0000000080900000|100%| O|  |TAMS 0x0000000080900000, 0x0000000080800000| Untracked 
|   9|0x0000000080900000, 0x0000000080a00000, 0x0000000080a00000|100%| O|  |TAMS 0x0000000080a00000, 0x0000000080900000| Untracked 
|  10|0x0000000080a00000, 0x0000000080b00000, 0x0000000080b00000|100%| O|  |TAMS 0x0000000080b00000, 0x0000000080a00000| Untracked 
|  11|0x0000000080b00000, 0x0000000080c00000, 0x0000000080c00000|100%| O|  |TAMS 0x0000000080c00000, 0x0000000080b00000| Untracked 
|  12|0x0000000080c00000, 0x0000000080d00000, 0x0000000080d00000|100%| O|  |TAMS 0x0000000080d00000, 0x0000000080c00000| Untracked 
|  13|0x0000000080d00000, 0x0000000080e00000, 0x0000000080e00000|100%| O|  |TAMS 0x0000000080e00000, 0x0000000080d00000| Untracked 
|  14|0x0000000080e00000, 0x0000000080f00000, 0x0000000080f00000|100%| O|  |TAMS 0x0000000080f00000, 0x0000000080e00000| Untracked 
|  15|0x0000000080f00000, 0x0000000081000000, 0x0000000081000000|100%| O|  |TAMS 0x0000000081000000, 0x0000000080f00000| Untracked 
|  16|0x0000000081000000, 0x0000000081100000, 0x0000000081100000|100%| O|  |TAMS 0x0000000081100000, 0x0000000081000000| Untracked 
|  17|0x0000000081100000, 0x0000000081200000, 0x0000000081200000|100%| O|  |TAMS 0x0000000081200000, 0x0000000081100000| Untracked 
|  18|0x0000000081200000, 0x0000000081300000, 0x0000000081300000|100%| O|  |TAMS 0x0000000081300000, 0x0000000081200000| Untracked 
|  19|0x0000000081300000, 0x0000000081400000, 0x0000000081400000|100%| O|  |TAMS 0x0000000081400000, 0x0000000081300000| Untracked 
|  20|0x0000000081400000, 0x0000000081500000, 0x0000000081500000|100%| O|  |TAMS 0x0000000081500000, 0x0000000081400000| Untracked 
|  21|0x0000000081500000, 0x0000000081600000, 0x0000000081600000|100%| O|  |TAMS 0x0000000081600000, 0x0000000081500000| Complete 
|  22|0x0000000081600000, 0x0000000081700000, 0x0000000081700000|100%|HS|  |TAMS 0x0000000081700000, 0x0000000081600000| Complete 
|  23|0x0000000081700000, 0x0000000081800000, 0x0000000081800000|100%| O|  |TAMS 0x0000000081800000, 0x0000000081700000| Untracked 
|  24|0x0000000081800000, 0x0000000081900000, 0x0000000081900000|100%| O|  |TAMS 0x0000000081900000, 0x0000000081800000| Untracked 
|  25|0x0000000081900000, 0x0000000081a00000, 0x0000000081a00000|100%| O|  |TAMS 0x0000000081a00000, 0x0000000081900000| Untracked 
|  26|0x0000000081a00000, 0x0000000081b00000, 0x0000000081b00000|100%| O|  |TAMS 0x0000000081b00000, 0x0000000081a00000| Complete 
|  27|0x0000000081b00000, 0x0000000081c00000, 0x0000000081c00000|100%|HS|  |TAMS 0x0000000081c00000, 0x0000000081b00000| Complete 
|  28|0x0000000081c00000, 0x0000000081d00000, 0x0000000081d00000|100%|HS|  |TAMS 0x0000000081d00000, 0x0000000081c00000| Complete 
|  29|0x0000000081d00000, 0x0000000081e00000, 0x0000000081e00000|100%|HC|  |TAMS 0x0000000081e00000, 0x0000000081d00000| Complete 
|  30|0x0000000081e00000, 0x0000000081f00000, 0x0000000081f00000|100%| O|  |TAMS 0x0000000081f00000, 0x0000000081e00000| Untracked 
|  31|0x0000000081f00000, 0x0000000082000000, 0x0000000082000000|100%| O|  |TAMS 0x0000000082000000, 0x0000000081f00000| Untracked 
|  32|0x0000000082000000, 0x0000000082100000, 0x0000000082100000|100%| O|  |TAMS 0x0000000082100000, 0x0000000082000000| Untracked 
|  33|0x0000000082100000, 0x0000000082200000, 0x0000000082200000|100%| O|  |TAMS 0x0000000082200000, 0x0000000082100000| Untracked 
|  34|0x0000000082200000, 0x0000000082300000, 0x0000000082300000|100%| O|  |TAMS 0x0000000082300000, 0x0000000082200000| Untracked 
|  35|0x0000000082300000, 0x0000000082400000, 0x0000000082400000|100%| O|  |TAMS 0x0000000082400000, 0x0000000082300000| Untracked 
|  36|0x0000000082400000, 0x0000000082500000, 0x0000000082500000|100%| O|  |TAMS 0x0000000082500000, 0x0000000082400000| Untracked 
|  37|0x0000000082500000, 0x0000000082600000, 0x0000000082600000|100%| O|  |TAMS 0x0000000082600000, 0x0000000082500000| Untracked 
|  38|0x0000000082600000, 0x0000000082700000, 0x0000000082700000|100%| O|  |TAMS 0x0000000082700000, 0x0000000082600000| Untracked 
|  39|0x0000000082700000, 0x0000000082800000, 0x0000000082800000|100%| O|  |TAMS 0x0000000082800000, 0x0000000082700000| Untracked 
|  40|0x0000000082800000, 0x0000000082900000, 0x0000000082900000|100%| O|  |TAMS 0x0000000082900000, 0x0000000082800000| Untracked 
|  41|0x0000000082900000, 0x0000000082a00000, 0x0000000082a00000|100%| O|  |TAMS 0x0000000082a00000, 0x0000000082900000| Untracked 
|  42|0x0000000082a00000, 0x0000000082b00000, 0x0000000082b00000|100%| O|  |TAMS 0x0000000082b00000, 0x0000000082a00000| Complete 
|  43|0x0000000082b00000, 0x0000000082c00000, 0x0000000082c00000|100%| O|  |TAMS 0x0000000082c00000, 0x0000000082b00000| Untracked 
|  44|0x0000000082c00000, 0x0000000082d00000, 0x0000000082d00000|100%| O|  |TAMS 0x0000000082d00000, 0x0000000082c00000| Untracked 
|  45|0x0000000082d00000, 0x0000000082e00000, 0x0000000082e00000|100%| O|  |TAMS 0x0000000082e00000, 0x0000000082d00000| Untracked 
|  46|0x0000000082e00000, 0x0000000082f00000, 0x0000000082f00000|100%| O|  |TAMS 0x0000000082f00000, 0x0000000082e00000| Untracked 
|  47|0x0000000082f00000, 0x0000000083000000, 0x0000000083000000|100%| O|  |TAMS 0x0000000083000000, 0x0000000082f00000| Untracked 
|  48|0x0000000083000000, 0x0000000083100000, 0x0000000083100000|100%| O|  |TAMS 0x0000000083100000, 0x0000000083000000| Untracked 
|  49|0x0000000083100000, 0x0000000083200000, 0x0000000083200000|100%| O|  |TAMS 0x0000000083200000, 0x0000000083100000| Untracked 
|  50|0x0000000083200000, 0x0000000083300000, 0x0000000083300000|100%| O|  |TAMS 0x0000000083300000, 0x0000000083200000| Untracked 
|  51|0x0000000083300000, 0x0000000083400000, 0x0000000083400000|100%| O|  |TAMS 0x0000000083400000, 0x0000000083300000| Untracked 
|  52|0x0000000083400000, 0x0000000083500000, 0x0000000083500000|100%| O|  |TAMS 0x0000000083500000, 0x0000000083400000| Untracked 
|  53|0x0000000083500000, 0x0000000083600000, 0x0000000083600000|100%| O|  |TAMS 0x0000000083600000, 0x0000000083500000| Complete 
|  54|0x0000000083600000, 0x0000000083700000, 0x0000000083700000|100%| O|  |TAMS 0x0000000083700000, 0x0000000083600000| Untracked 
|  55|0x0000000083700000, 0x0000000083800000, 0x0000000083800000|100%| O|  |TAMS 0x0000000083800000, 0x0000000083700000| Untracked 
|  56|0x0000000083800000, 0x0000000083900000, 0x0000000083900000|100%| O|  |TAMS 0x0000000083900000, 0x0000000083800000| Untracked 
|  57|0x0000000083900000, 0x0000000083a00000, 0x0000000083a00000|100%| O|  |TAMS 0x0000000083a00000, 0x0000000083900000| Complete 
|  58|0x0000000083a00000, 0x0000000083b00000, 0x0000000083b00000|100%| O|  |TAMS 0x0000000083b00000, 0x0000000083a00000| Complete 
|  59|0x0000000083b00000, 0x0000000083c00000, 0x0000000083c00000|100%| O|  |TAMS 0x0000000083c00000, 0x0000000083b00000| Untracked 
|  60|0x0000000083c00000, 0x0000000083d00000, 0x0000000083d00000|100%| O|  |TAMS 0x0000000083d00000, 0x0000000083c00000| Untracked 
|  61|0x0000000083d00000, 0x0000000083e00000, 0x0000000083e00000|100%| O|  |TAMS 0x0000000083e00000, 0x0000000083d00000| Untracked 
|  62|0x0000000083e00000, 0x0000000083f00000, 0x0000000083f00000|100%| O|  |TAMS 0x0000000083f00000, 0x0000000083e00000| Untracked 
|  63|0x0000000083f00000, 0x0000000084000000, 0x0000000084000000|100%| O|  |TAMS 0x0000000084000000, 0x0000000083f00000| Untracked 
|  64|0x0000000084000000, 0x0000000084100000, 0x0000000084100000|100%| O|  |TAMS 0x0000000084100000, 0x0000000084000000| Untracked 
|  65|0x0000000084100000, 0x0000000084200000, 0x0000000084200000|100%| O|  |TAMS 0x0000000084200000, 0x0000000084100000| Complete 
|  66|0x0000000084200000, 0x0000000084300000, 0x0000000084300000|100%| O|  |TAMS 0x0000000084300000, 0x0000000084200000| Untracked 
|  67|0x0000000084300000, 0x0000000084400000, 0x0000000084400000|100%| O|  |TAMS 0x0000000084400000, 0x0000000084300000| Untracked 
|  68|0x0000000084400000, 0x0000000084500000, 0x0000000084500000|100%| O|  |TAMS 0x0000000084500000, 0x0000000084400000| Untracked 
|  69|0x0000000084500000, 0x0000000084600000, 0x0000000084600000|100%| O|  |TAMS 0x0000000084600000, 0x0000000084500000| Untracked 
|  70|0x0000000084600000, 0x0000000084700000, 0x0000000084700000|100%| O|  |TAMS 0x0000000084700000, 0x0000000084600000| Untracked 
|  71|0x0000000084700000, 0x0000000084800000, 0x0000000084800000|100%| O|  |TAMS 0x0000000084800000, 0x0000000084700000| Complete 
|  72|0x0000000084800000, 0x0000000084900000, 0x0000000084900000|100%| O|  |TAMS 0x0000000084900000, 0x0000000084800000| Untracked 
|  73|0x0000000084900000, 0x0000000084a00000, 0x0000000084a00000|100%| O|  |TAMS 0x0000000084a00000, 0x0000000084900000| Untracked 
|  74|0x0000000084a00000, 0x0000000084a00000, 0x0000000084b00000|  0%| F|  |TAMS 0x0000000084a00000, 0x0000000084a00000| Untracked 
|  75|0x0000000084b00000, 0x0000000084c00000, 0x0000000084c00000|100%| O|  |TAMS 0x0000000084c00000, 0x0000000084b00000| Untracked 
|  76|0x0000000084c00000, 0x0000000084d00000, 0x0000000084d00000|100%| O|  |TAMS 0x0000000084d00000, 0x0000000084c00000| Complete 
|  77|0x0000000084d00000, 0x0000000084e00000, 0x0000000084e00000|100%| O|  |TAMS 0x0000000084e00000, 0x0000000084d00000| Untracked 
|  78|0x0000000084e00000, 0x0000000084f00000, 0x0000000084f00000|100%| O|  |TAMS 0x0000000084f00000, 0x0000000084e00000| Untracked 
|  79|0x0000000084f00000, 0x0000000085000000, 0x0000000085000000|100%| O|  |TAMS 0x0000000085000000, 0x0000000084f00000| Complete 
|  80|0x0000000085000000, 0x0000000085100000, 0x0000000085100000|100%| O|  |TAMS 0x0000000085100000, 0x0000000085000000| Untracked 
|  81|0x0000000085100000, 0x0000000085200000, 0x0000000085200000|100%| O|  |TAMS 0x0000000085200000, 0x0000000085100000| Complete 
|  82|0x0000000085200000, 0x0000000085200000, 0x0000000085300000|  0%| F|  |TAMS 0x0000000085200000, 0x0000000085200000| Untracked 
|  83|0x0000000085300000, 0x0000000085400000, 0x0000000085400000|100%| O|  |TAMS 0x0000000085400000, 0x0000000085300000| Complete 
|  84|0x0000000085400000, 0x0000000085500000, 0x0000000085500000|100%| O|  |TAMS 0x0000000085500000, 0x0000000085400000| Untracked 
|  85|0x0000000085500000, 0x00000000855aa400, 0x0000000085600000| 66%| O|  |TAMS 0x00000000855aa400, 0x0000000085500000| Untracked 
|  86|0x0000000085600000, 0x0000000085700000, 0x0000000085700000|100%| O|  |TAMS 0x0000000085700000, 0x0000000085600000| Complete 
|  87|0x0000000085700000, 0x0000000085700000, 0x0000000085800000|  0%| F|  |TAMS 0x0000000085700000, 0x0000000085700000| Untracked 
|  88|0x0000000085800000, 0x0000000085800000, 0x0000000085900000|  0%| F|  |TAMS 0x0000000085800000, 0x0000000085800000| Untracked 
|  89|0x0000000085900000, 0x0000000085a00000, 0x0000000085a00000|100%| O|  |TAMS 0x0000000085a00000, 0x0000000085900000| Complete 
|  90|0x0000000085a00000, 0x0000000085b00000, 0x0000000085b00000|100%| O|  |TAMS 0x0000000085b00000, 0x0000000085a00000| Complete 
|  91|0x0000000085b00000, 0x0000000085b00000, 0x0000000085c00000|  0%| F|  |TAMS 0x0000000085b00000, 0x0000000085b00000| Untracked 
|  92|0x0000000085c00000, 0x0000000085d00000, 0x0000000085d00000|100%| O|  |TAMS 0x0000000085d00000, 0x0000000085c00000| Complete 
|  93|0x0000000085d00000, 0x0000000085d00000, 0x0000000085e00000|  0%| F|  |TAMS 0x0000000085d00000, 0x0000000085d00000| Untracked 
|  94|0x0000000085e00000, 0x0000000085e00000, 0x0000000085f00000|  0%| F|  |TAMS 0x0000000085e00000, 0x0000000085e00000| Untracked 
|  95|0x0000000085f00000, 0x0000000085f00000, 0x0000000086000000|  0%| F|  |TAMS 0x0000000085f00000, 0x0000000085f00000| Untracked 
|  96|0x0000000086000000, 0x0000000086100000, 0x0000000086100000|100%| O|  |TAMS 0x0000000086100000, 0x0000000086000000| Complete 
|  97|0x0000000086100000, 0x0000000086200000, 0x0000000086200000|100%| O|  |TAMS 0x0000000086200000, 0x0000000086100000| Complete 
|  98|0x0000000086200000, 0x0000000086300000, 0x0000000086300000|100%| O|  |TAMS 0x0000000086300000, 0x0000000086200000| Complete 
|  99|0x0000000086300000, 0x0000000086400000, 0x0000000086400000|100%| O|  |TAMS 0x0000000086400000, 0x0000000086300000| Complete 
| 100|0x0000000086400000, 0x0000000086500000, 0x0000000086500000|100%| O|  |TAMS 0x0000000086500000, 0x0000000086400000| Complete 
| 101|0x0000000086500000, 0x0000000086600000, 0x0000000086600000|100%| O|  |TAMS 0x0000000086600000, 0x0000000086500000| Complete 
| 102|0x0000000086600000, 0x0000000086600000, 0x0000000086700000|  0%| F|  |TAMS 0x0000000086600000, 0x0000000086600000| Untracked 
| 103|0x0000000086700000, 0x0000000086700000, 0x0000000086800000|  0%| F|  |TAMS 0x0000000086700000, 0x0000000086700000| Untracked 
| 104|0x0000000086800000, 0x0000000086800000, 0x0000000086900000|  0%| F|  |TAMS 0x0000000086800000, 0x0000000086800000| Untracked 
| 105|0x0000000086900000, 0x0000000086900000, 0x0000000086a00000|  0%| F|  |TAMS 0x0000000086900000, 0x0000000086900000| Untracked 
| 106|0x0000000086a00000, 0x0000000086a00000, 0x0000000086b00000|  0%| F|  |TAMS 0x0000000086a00000, 0x0000000086a00000| Untracked 
| 107|0x0000000086b00000, 0x0000000086b00000, 0x0000000086c00000|  0%| F|  |TAMS 0x0000000086b00000, 0x0000000086b00000| Untracked 
| 108|0x0000000086c00000, 0x0000000086c00000, 0x0000000086d00000|  0%| F|  |TAMS 0x0000000086c00000, 0x0000000086c00000| Untracked 
| 109|0x0000000086d00000, 0x0000000086d00000, 0x0000000086e00000|  0%| F|  |TAMS 0x0000000086d00000, 0x0000000086d00000| Untracked 
| 110|0x0000000086e00000, 0x0000000086e00000, 0x0000000086f00000|  0%| F|  |TAMS 0x0000000086e00000, 0x0000000086e00000| Untracked 
| 111|0x0000000086f00000, 0x0000000086f00000, 0x0000000087000000|  0%| F|  |TAMS 0x0000000086f00000, 0x0000000086f00000| Untracked 
| 112|0x0000000087000000, 0x0000000087000000, 0x0000000087100000|  0%| F|  |TAMS 0x0000000087000000, 0x0000000087000000| Untracked 
| 113|0x0000000087100000, 0x0000000087100000, 0x0000000087200000|  0%| F|  |TAMS 0x0000000087100000, 0x0000000087100000| Untracked 
| 114|0x0000000087200000, 0x0000000087200000, 0x0000000087300000|  0%| F|  |TAMS 0x0000000087200000, 0x0000000087200000| Untracked 
| 115|0x0000000087300000, 0x0000000087300000, 0x0000000087400000|  0%| F|  |TAMS 0x0000000087300000, 0x0000000087300000| Untracked 
| 116|0x0000000087400000, 0x0000000087400000, 0x0000000087500000|  0%| F|  |TAMS 0x0000000087400000, 0x0000000087400000| Untracked 
| 117|0x0000000087500000, 0x0000000087500000, 0x0000000087600000|  0%| F|  |TAMS 0x0000000087500000, 0x0000000087500000| Untracked 
| 118|0x0000000087600000, 0x0000000087600000, 0x0000000087700000|  0%| F|  |TAMS 0x0000000087600000, 0x0000000087600000| Untracked 
| 119|0x0000000087700000, 0x0000000087700000, 0x0000000087800000|  0%| F|  |TAMS 0x0000000087700000, 0x0000000087700000| Untracked 
| 120|0x0000000087800000, 0x00000000878c8fc0, 0x0000000087900000| 78%| S|CS|TAMS 0x0000000087800000, 0x0000000087800000| Complete 
| 121|0x0000000087900000, 0x0000000087900000, 0x0000000087a00000|  0%| F|  |TAMS 0x0000000087900000, 0x0000000087900000| Untracked 
| 122|0x0000000087a00000, 0x0000000087a00000, 0x0000000087b00000|  0%| F|  |TAMS 0x0000000087a00000, 0x0000000087a00000| Untracked 
| 123|0x0000000087b00000, 0x0000000087b00000, 0x0000000087c00000|  0%| F|  |TAMS 0x0000000087b00000, 0x0000000087b00000| Untracked 
| 124|0x0000000087c00000, 0x0000000087c00000, 0x0000000087d00000|  0%| F|  |TAMS 0x0000000087c00000, 0x0000000087c00000| Untracked 
| 125|0x0000000087d00000, 0x0000000087d00000, 0x0000000087e00000|  0%| F|  |TAMS 0x0000000087d00000, 0x0000000087d00000| Untracked 
| 126|0x0000000087e00000, 0x0000000087e00000, 0x0000000087f00000|  0%| F|  |TAMS 0x0000000087e00000, 0x0000000087e00000| Untracked 
| 127|0x0000000087f00000, 0x0000000087f00000, 0x0000000088000000|  0%| F|  |TAMS 0x0000000087f00000, 0x0000000087f00000| Untracked 
| 128|0x0000000088000000, 0x0000000088000000, 0x0000000088100000|  0%| F|  |TAMS 0x0000000088000000, 0x0000000088000000| Untracked 
| 129|0x0000000088100000, 0x0000000088100000, 0x0000000088200000|  0%| F|  |TAMS 0x0000000088100000, 0x0000000088100000| Untracked 
| 130|0x0000000088200000, 0x0000000088200000, 0x0000000088300000|  0%| F|  |TAMS 0x0000000088200000, 0x0000000088200000| Untracked 
| 131|0x0000000088300000, 0x0000000088300000, 0x0000000088400000|  0%| F|  |TAMS 0x0000000088300000, 0x0000000088300000| Untracked 
| 132|0x0000000088400000, 0x0000000088400000, 0x0000000088500000|  0%| F|  |TAMS 0x0000000088400000, 0x0000000088400000| Untracked 
| 133|0x0000000088500000, 0x0000000088500000, 0x0000000088600000|  0%| F|  |TAMS 0x0000000088500000, 0x0000000088500000| Untracked 
| 134|0x0000000088600000, 0x0000000088600000, 0x0000000088700000|  0%| F|  |TAMS 0x0000000088600000, 0x0000000088600000| Untracked 
| 135|0x0000000088700000, 0x0000000088700000, 0x0000000088800000|  0%| F|  |TAMS 0x0000000088700000, 0x0000000088700000| Untracked 
| 136|0x0000000088800000, 0x0000000088800000, 0x0000000088900000|  0%| F|  |TAMS 0x0000000088800000, 0x0000000088800000| Untracked 
| 137|0x0000000088900000, 0x0000000088900000, 0x0000000088a00000|  0%| F|  |TAMS 0x0000000088900000, 0x0000000088900000| Untracked 
| 138|0x0000000088a00000, 0x0000000088a00000, 0x0000000088b00000|  0%| F|  |TAMS 0x0000000088a00000, 0x0000000088a00000| Untracked 
| 139|0x0000000088b00000, 0x0000000088b00000, 0x0000000088c00000|  0%| F|  |TAMS 0x0000000088b00000, 0x0000000088b00000| Untracked 
| 140|0x0000000088c00000, 0x0000000088c00000, 0x0000000088d00000|  0%| F|  |TAMS 0x0000000088c00000, 0x0000000088c00000| Untracked 
| 141|0x0000000088d00000, 0x0000000088d00000, 0x0000000088e00000|  0%| F|  |TAMS 0x0000000088d00000, 0x0000000088d00000| Untracked 
| 142|0x0000000088e00000, 0x0000000088e00000, 0x0000000088f00000|  0%| F|  |TAMS 0x0000000088e00000, 0x0000000088e00000| Untracked 
| 143|0x0000000088f00000, 0x0000000088f00000, 0x0000000089000000|  0%| F|  |TAMS 0x0000000088f00000, 0x0000000088f00000| Untracked 
| 144|0x0000000089000000, 0x0000000089000000, 0x0000000089100000|  0%| F|  |TAMS 0x0000000089000000, 0x0000000089000000| Untracked 
| 145|0x0000000089100000, 0x0000000089100000, 0x0000000089200000|  0%| F|  |TAMS 0x0000000089100000, 0x0000000089100000| Untracked 
| 146|0x0000000089200000, 0x0000000089200000, 0x0000000089300000|  0%| F|  |TAMS 0x0000000089200000, 0x0000000089200000| Untracked 
| 147|0x0000000089300000, 0x0000000089300000, 0x0000000089400000|  0%| F|  |TAMS 0x0000000089300000, 0x0000000089300000| Untracked 
| 148|0x0000000089400000, 0x0000000089400000, 0x0000000089500000|  0%| F|  |TAMS 0x0000000089400000, 0x0000000089400000| Untracked 
| 149|0x0000000089500000, 0x0000000089500000, 0x0000000089600000|  0%| F|  |TAMS 0x0000000089500000, 0x0000000089500000| Untracked 
| 150|0x0000000089600000, 0x0000000089600000, 0x0000000089700000|  0%| F|  |TAMS 0x0000000089600000, 0x0000000089600000| Untracked 
| 151|0x0000000089700000, 0x0000000089700000, 0x0000000089800000|  0%| F|  |TAMS 0x0000000089700000, 0x0000000089700000| Untracked 
| 152|0x0000000089800000, 0x0000000089800000, 0x0000000089900000|  0%| F|  |TAMS 0x0000000089800000, 0x0000000089800000| Untracked 
| 153|0x0000000089900000, 0x0000000089900000, 0x0000000089a00000|  0%| F|  |TAMS 0x0000000089900000, 0x0000000089900000| Untracked 
| 154|0x0000000089a00000, 0x0000000089a00000, 0x0000000089b00000|  0%| F|  |TAMS 0x0000000089a00000, 0x0000000089a00000| Untracked 
| 155|0x0000000089b00000, 0x0000000089b00000, 0x0000000089c00000|  0%| F|  |TAMS 0x0000000089b00000, 0x0000000089b00000| Untracked 
| 156|0x0000000089c00000, 0x0000000089c00000, 0x0000000089d00000|  0%| F|  |TAMS 0x0000000089c00000, 0x0000000089c00000| Untracked 
| 157|0x0000000089d00000, 0x0000000089d00000, 0x0000000089e00000|  0%| F|  |TAMS 0x0000000089d00000, 0x0000000089d00000| Untracked 
| 158|0x0000000089e00000, 0x0000000089e00000, 0x0000000089f00000|  0%| F|  |TAMS 0x0000000089e00000, 0x0000000089e00000| Untracked 
| 159|0x0000000089f00000, 0x0000000089f00000, 0x000000008a000000|  0%| F|  |TAMS 0x0000000089f00000, 0x0000000089f00000| Untracked 
| 160|0x000000008a000000, 0x000000008a000000, 0x000000008a100000|  0%| F|  |TAMS 0x000000008a000000, 0x000000008a000000| Untracked 
| 161|0x000000008a100000, 0x000000008a100000, 0x000000008a200000|  0%| F|  |TAMS 0x000000008a100000, 0x000000008a100000| Untracked 
| 162|0x000000008a200000, 0x000000008a200000, 0x000000008a300000|  0%| F|  |TAMS 0x000000008a200000, 0x000000008a200000| Untracked 
| 163|0x000000008a300000, 0x000000008a300000, 0x000000008a400000|  0%| F|  |TAMS 0x000000008a300000, 0x000000008a300000| Untracked 

Card table byte_map: [0x0000028cf01b0000,0x0000028cf05b0000] _byte_map_base: 0x0000028cefdb0000

Marking Bits (Prev, Next): (CMBitMap*) 0x0000028cdcd8d228, (CMBitMap*) 0x0000028cdcd8d260
 Prev Bits: [0x0000028cf09b0000, 0x0000028cf29b0000)
 Next Bits: [0x0000028cf29b0000, 0x0000028cf49b0000)

Polling page: 0x0000028cdaef0000

Metaspace:

Usage:
  Non-class:     96.36 MB capacity,    94.50 MB ( 98%) used,     1.49 MB (  2%) free+waste,   367.63 KB ( <1%) overhead. 
      Class:     14.93 MB capacity,    13.87 MB ( 93%) used,   923.52 KB (  6%) free+waste,   162.94 KB (  1%) overhead. 
       Both:    111.29 MB capacity,   108.37 MB ( 97%) used,     2.40 MB (  2%) free+waste,   530.56 KB ( <1%) overhead. 

Virtual space:
  Non-class space:      100.00 MB reserved,      98.84 MB ( 99%) committed 
      Class space:        1.00 GB reserved,      16.57 MB (  2%) committed 
             Both:        1.10 GB reserved,     115.41 MB ( 10%) committed 

Chunk freelists:
   Non-Class:  2.42 MB
       Class:  1.57 MB
        Both:  3.99 MB

MaxMetaspaceSize: 17179869184.00 GB
CompressedClassSpaceSize: 1.00 GB
Initial GC threshold: 20.80 MB
Current GC threshold: 192.35 MB
CDS: off

CodeHeap 'non-profiled nmethods': size=120000Kb used=6760Kb max_used=6760Kb free=113239Kb
 bounds [0x0000028ce8330000, 0x0000028ce89d0000, 0x0000028cef860000]
CodeHeap 'profiled nmethods': size=120000Kb used=36149Kb max_used=36149Kb free=83850Kb
 bounds [0x0000028ce0e00000, 0x0000028ce3150000, 0x0000028ce8330000]
CodeHeap 'non-nmethods': size=5760Kb used=2420Kb max_used=2463Kb free=3340Kb
 bounds [0x0000028ce0860000, 0x0000028ce0ad0000, 0x0000028ce0e00000]
 total_blobs=16723 nmethods=15781 adapters=853
 compilation: enabled
              stopped_count=0, restarted_count=0
 full_count=0

Compilation events (20 events):
Event: 32.229 Thread 0x0000028cf7f1f800 nmethod 16257 0x0000028ce3125790 code [0x0000028ce3125980, 0x0000028ce3125eb8]
Event: 32.229 Thread 0x0000028cf7f1f800 16258       2       com.android.tools.r8.internal.w1::c (4 bytes)
Event: 32.229 Thread 0x0000028cf7f1f800 nmethod 16258 0x0000028ce3125f90 code [0x0000028ce3126140, 0x0000028ce3126218]
Event: 32.229 Thread 0x0000028cf7f1f800 16260       2       com.android.tools.r8.ir.conversion.r::a (450 bytes)
Event: 32.231 Thread 0x0000028cf7f1f800 nmethod 16260 0x0000028ce3126290 code [0x0000028ce3126700, 0x0000028ce3127bf8]
Event: 32.231 Thread 0x0000028cf7f1f800 16261       3       com.android.tools.r8.internal.qb::a (704 bytes)
Event: 32.236 Thread 0x0000028cf7f1f800 nmethod 16261 0x0000028ce3128a10 code [0x0000028ce31294a0, 0x0000028ce31314e8]
Event: 32.236 Thread 0x0000028cf7f1f800 16268       3       com.android.tools.r8.internal.Tl::c (71 bytes)
Event: 32.237 Thread 0x0000028cf7f1f800 nmethod 16268 0x0000028ce3133b10 code [0x0000028ce3133d60, 0x0000028ce31346c8]
Event: 32.237 Thread 0x0000028cf7f1f800 16269       3       com.android.tools.r8.internal.Tl::B (79 bytes)
Event: 32.238 Thread 0x0000028cf7f1f800 nmethod 16269 0x0000028ce3134a10 code [0x0000028ce3134de0, 0x0000028ce3136678]
Event: 32.238 Thread 0x0000028cf7f1f800 16276       3       com.android.tools.r8.internal.Fm::forEach (41 bytes)
Event: 32.238 Thread 0x0000028cf7f1f800 nmethod 16276 0x0000028ce3136f10 code [0x0000028ce3137100, 0x0000028ce3137528]
Event: 32.238 Thread 0x0000028cf7f1f800 16265       3       com.android.tools.r8.internal.h4::f (38 bytes)
Event: 32.239 Thread 0x0000028cf7f1f800 nmethod 16265 0x0000028ce3137690 code [0x0000028ce31378e0, 0x0000028ce3138278]
Event: 32.239 Thread 0x0000028cf7f1f800 16264   !   2       com.android.tools.r8.internal.k3::a (490 bytes)
Event: 32.240 Thread 0x0000028cf7f1f800 nmethod 16264 0x0000028ce3138610 code [0x0000028ce3138920, 0x0000028ce31396c8]
Event: 32.240 Thread 0x0000028cf7f1f800 16285       3       com.android.tools.r8.internal.tJ::a (1305 bytes)
Event: 32.251 Thread 0x0000028cf7f1f800 nmethod 16285 0x0000028ce313a110 code [0x0000028ce313b380, 0x0000028ce3148618]
Event: 32.251 Thread 0x0000028cf7f1f800 16288       3       com.android.tools.r8.internal.Ql::a (3110 bytes)

GC Heap History (20 events):
Event: 29.218 GC heap after
{Heap after GC invocations=38 (full 0):
 garbage-first heap   total 167936K, used 103265K [0x0000000080000000, 0x0000000100000000)
  region size 1024K, 5 young (5120K), 5 survivors (5120K)
 Metaspace       used 101243K, capacity 104107K, committed 104356K, reserved 1140736K
  class space    used 13064K, capacity 14111K, committed 14156K, reserved 1048576K
}
Event: 29.531 GC heap before
{Heap before GC invocations=39 (full 0):
 garbage-first heap   total 167936K, used 133985K [0x0000000080000000, 0x0000000100000000)
  region size 1024K, 38 young (38912K), 5 survivors (5120K)
 Metaspace       used 105037K, capacity 108640K, committed 108836K, reserved 1142784K
  class space    used 13825K, capacity 15242K, committed 15308K, reserved 1048576K
}
Event: 29.541 GC heap after
{Heap after GC invocations=40 (full 0):
 garbage-first heap   total 167936K, used 104622K [0x0000000080000000, 0x0000000100000000)
  region size 1024K, 5 young (5120K), 5 survivors (5120K)
 Metaspace       used 105037K, capacity 108640K, committed 108836K, reserved 1142784K
  class space    used 13825K, capacity 15242K, committed 15308K, reserved 1048576K
}
Event: 29.561 GC heap before
{Heap before GC invocations=40 (full 0):
 garbage-first heap   total 167936K, used 107694K [0x0000000080000000, 0x0000000100000000)
  region size 1024K, 8 young (8192K), 5 survivors (5120K)
 Metaspace       used 105314K, capacity 108955K, committed 109220K, reserved 1142784K
  class space    used 13876K, capacity 15304K, committed 15436K, reserved 1048576K
}
Event: 29.567 GC heap after
{Heap after GC invocations=41 (full 0):
 garbage-first heap   total 167936K, used 103103K [0x0000000080000000, 0x0000000100000000)
  region size 1024K, 1 young (1024K), 1 survivors (1024K)
 Metaspace       used 105314K, capacity 108955K, committed 109220K, reserved 1142784K
  class space    used 13876K, capacity 15304K, committed 15436K, reserved 1048576K
}
Event: 29.837 GC heap before
{Heap before GC invocations=41 (full 0):
 garbage-first heap   total 167936K, used 136895K [0x0000000080000000, 0x0000000100000000)
  region size 1024K, 35 young (35840K), 1 survivors (1024K)
 Metaspace       used 109630K, capacity 114029K, committed 114212K, reserved 1146880K
  class space    used 14736K, capacity 16472K, committed 16588K, reserved 1048576K
}
Event: 29.842 GC heap after
{Heap after GC invocations=42 (full 0):
 garbage-first heap   total 167936K, used 104411K [0x0000000080000000, 0x0000000100000000)
  region size 1024K, 3 young (3072K), 3 survivors (3072K)
 Metaspace       used 109630K, capacity 114029K, committed 114212K, reserved 1146880K
  class space    used 14736K, capacity 16472K, committed 16588K, reserved 1048576K
}
Event: 30.142 GC heap before
{Heap before GC invocations=43 (full 0):
 garbage-first heap   total 167936K, used 135131K [0x0000000080000000, 0x0000000100000000)
  region size 1024K, 37 young (37888K), 3 survivors (3072K)
 Metaspace       used 109787K, capacity 113416K, committed 115876K, reserved 1148928K
  class space    used 14402K, capacity 15772K, committed 16716K, reserved 1048576K
}
Event: 30.146 GC heap after
{Heap after GC invocations=44 (full 0):
 garbage-first heap   total 167936K, used 100756K [0x0000000080000000, 0x0000000100000000)
  region size 1024K, 2 young (2048K), 2 survivors (2048K)
 Metaspace       used 109787K, capacity 113416K, committed 115876K, reserved 1148928K
  class space    used 14402K, capacity 15772K, committed 16716K, reserved 1048576K
}
Event: 30.492 GC heap before
{Heap before GC invocations=44 (full 0):
 garbage-first heap   total 167936K, used 106900K [0x0000000080000000, 0x0000000100000000)
  region size 1024K, 8 young (8192K), 2 survivors (2048K)
 Metaspace       used 109901K, capacity 113564K, committed 116132K, reserved 1148928K
  class space    used 14404K, capacity 15773K, committed 16716K, reserved 1048576K
}
Event: 30.496 GC heap after
{Heap after GC invocations=45 (full 0):
 garbage-first heap   total 167936K, used 95697K [0x0000000080000000, 0x0000000100000000)
  region size 1024K, 1 young (1024K), 1 survivors (1024K)
 Metaspace       used 109901K, capacity 113564K, committed 116132K, reserved 1148928K
  class space    used 14404K, capacity 15773K, committed 16716K, reserved 1048576K
}
Event: 30.927 GC heap before
{Heap before GC invocations=45 (full 0):
 garbage-first heap   total 167936K, used 135633K [0x0000000080000000, 0x0000000100000000)
  region size 1024K, 41 young (41984K), 1 survivors (1024K)
 Metaspace       used 110532K, capacity 114216K, committed 116772K, reserved 1148928K
  class space    used 14478K, capacity 15853K, committed 16844K, reserved 1048576K
}
Event: 30.945 GC heap after
{Heap after GC invocations=46 (full 0):
 garbage-first heap   total 167936K, used 100078K [0x0000000080000000, 0x0000000100000000)
  region size 1024K, 6 young (6144K), 6 survivors (6144K)
 Metaspace       used 110532K, capacity 114216K, committed 116772K, reserved 1148928K
  class space    used 14478K, capacity 15853K, committed 16844K, reserved 1048576K
}
Event: 31.476 GC heap before
{Heap before GC invocations=47 (full 0):
 garbage-first heap   total 167936K, used 137966K [0x0000000080000000, 0x0000000100000000)
  region size 1024K, 43 young (44032K), 6 survivors (6144K)
 Metaspace       used 110712K, capacity 113798K, committed 117924K, reserved 1150976K
  class space    used 14232K, capacity 15349K, committed 16972K, reserved 1048576K
}
Event: 31.482 GC heap after
{Heap after GC invocations=48 (full 0):
 garbage-first heap   total 167936K, used 99897K [0x0000000080000000, 0x0000000100000000)
  region size 1024K, 1 young (1024K), 1 survivors (1024K)
 Metaspace       used 110712K, capacity 113798K, committed 117924K, reserved 1150976K
  class space    used 14232K, capacity 15349K, committed 16972K, reserved 1048576K
}
Event: 31.578 GC heap before
{Heap before GC invocations=48 (full 0):
 garbage-first heap   total 167936K, used 106041K [0x0000000080000000, 0x0000000100000000)
  region size 1024K, 8 young (8192K), 1 survivors (1024K)
 Metaspace       used 110727K, capacity 113799K, committed 117924K, reserved 1150976K
  class space    used 14232K, capacity 15349K, committed 16972K, reserved 1048576K
}
Event: 31.583 GC heap after
{Heap after GC invocations=49 (full 0):
 garbage-first heap   total 167936K, used 96282K [0x0000000080000000, 0x0000000100000000)
  region size 1024K, 1 young (1024K), 1 survivors (1024K)
 Metaspace       used 110727K, capacity 113799K, committed 117924K, reserved 1150976K
  class space    used 14232K, capacity 15349K, committed 16972K, reserved 1048576K
}
Event: 31.930 GC heap before
{Heap before GC invocations=49 (full 0):
 garbage-first heap   total 167936K, used 138266K [0x0000000080000000, 0x0000000100000000)
  region size 1024K, 42 young (43008K), 1 survivors (1024K)
 Metaspace       used 110982K, capacity 114099K, committed 118180K, reserved 1150976K
  class space    used 14257K, capacity 15383K, committed 16972K, reserved 1048576K
}
Event: 31.934 GC heap after
{Heap after GC invocations=50 (full 0):
 garbage-first heap   total 167936K, used 96491K [0x0000000080000000, 0x0000000100000000)
  region size 1024K, 1 young (1024K), 1 survivors (1024K)
 Metaspace       used 110982K, capacity 114099K, committed 118180K, reserved 1150976K
  class space    used 14257K, capacity 15383K, committed 16972K, reserved 1048576K
}
Event: 32.265 GC heap before
{Heap before GC invocations=51 (full 0):
 garbage-first heap   total 167936K, used 139499K [0x0000000080000000, 0x0000000100000000)
  region size 1024K, 43 young (44032K), 1 survivors (1024K)
 Metaspace       used 110973K, capacity 113958K, committed 118180K, reserved 1150976K
  class space    used 14202K, capacity 15289K, committed 16972K, reserved 1048576K
}

Deoptimization events (20 events):
Event: 31.723 Thread 0x0000028cfc931800 DEOPT PACKING pc=0x0000028ce2b1abcc sp=0x000000f40fbf9350
Event: 31.723 Thread 0x0000028cfc931800 DEOPT UNPACKING pc=0x0000028ce08aa95e sp=0x000000f40fbf8bc0 mode 0
Event: 31.914 Thread 0x0000028cfc931800 Uncommon trap: trap_request=0xffffff4d fr.pc=0x0000028ce8816714 relative=0x0000000000000174
Event: 31.914 Thread 0x0000028cfc931800 Uncommon trap: reason=unstable_if action=reinterpret pc=0x0000028ce8816714 method=jdk.internal.util.ArraysSupport.mismatch([B[BI)I @ 14 c2
Event: 31.914 Thread 0x0000028cfc931800 DEOPT PACKING pc=0x0000028ce8816714 sp=0x000000f40fbf96f0
Event: 31.914 Thread 0x0000028cfc931800 DEOPT UNPACKING pc=0x0000028ce08aa1af sp=0x000000f40fbf9698 mode 2
Event: 31.946 Thread 0x0000028cfc931800 DEOPT PACKING pc=0x0000028ce294167f sp=0x000000f40fbf98c0
Event: 31.946 Thread 0x0000028cfc931800 DEOPT UNPACKING pc=0x0000028ce08aa95e sp=0x000000f40fbf8e80 mode 0
Event: 32.141 Thread 0x0000028cfc931800 DEOPT PACKING pc=0x0000028ce2b42efb sp=0x000000f40fbf98c0
Event: 32.141 Thread 0x0000028cfc931800 DEOPT UNPACKING pc=0x0000028ce08aa95e sp=0x000000f40fbf8e80 mode 0
Event: 32.143 Thread 0x0000028cfc931800 Uncommon trap: trap_request=0xffffff4d fr.pc=0x0000028ce894c8cc relative=0x000000000000028c
Event: 32.143 Thread 0x0000028cfc931800 Uncommon trap: reason=unstable_if action=reinterpret pc=0x0000028ce894c8cc method=com.android.tools.r8.graph.d1.a([C)I @ 29 c2
Event: 32.143 Thread 0x0000028cfc931800 DEOPT PACKING pc=0x0000028ce894c8cc sp=0x000000f40fbf90d0
Event: 32.143 Thread 0x0000028cfc931800 DEOPT UNPACKING pc=0x0000028ce08aa1af sp=0x000000f40fbf9050 mode 2
Event: 32.159 Thread 0x0000028cfc931800 DEOPT PACKING pc=0x0000028ce293d9e9 sp=0x000000f40fbf9350
Event: 32.159 Thread 0x0000028cfc931800 DEOPT UNPACKING pc=0x0000028ce08aa95e sp=0x000000f40fbf8880 mode 0
Event: 32.212 Thread 0x0000028cfc931800 DEOPT PACKING pc=0x0000028ce2b454b7 sp=0x000000f40fbf99d0
Event: 32.212 Thread 0x0000028cfc931800 DEOPT UNPACKING pc=0x0000028ce08aa95e sp=0x000000f40fbf8ed0 mode 0
Event: 32.246 Thread 0x0000028cfc931800 DEOPT PACKING pc=0x0000028ce2ac4065 sp=0x000000f40fbf93c0
Event: 32.246 Thread 0x0000028cfc931800 DEOPT UNPACKING pc=0x0000028ce08aa95e sp=0x000000f40fbf8d18 mode 0

Classes redefined (0 events):
No events

Internal exceptions (20 events):
Event: 30.028 Thread 0x0000028c80d1d000 Exception <a 'sun/nio/fs/WindowsException'{0x0000000088eccef8}> (0x0000000088eccef8) thrown at [./src/hotspot/share/prims/jni.cpp, line 615]
Event: 30.031 Thread 0x0000028c80d20800 Exception <a 'sun/nio/fs/WindowsException'{0x0000000088e78f00}> (0x0000000088e78f00) thrown at [./src/hotspot/share/prims/jni.cpp, line 615]
Event: 30.031 Thread 0x0000028c80d1f800 Exception <a 'sun/nio/fs/WindowsException'{0x0000000088d24698}> (0x0000000088d24698) thrown at [./src/hotspot/share/prims/jni.cpp, line 615]
Event: 30.032 Thread 0x0000028c80d1d000 Exception <a 'sun/nio/fs/WindowsException'{0x0000000088c04130}> (0x0000000088c04130) thrown at [./src/hotspot/share/prims/jni.cpp, line 615]
Event: 30.036 Thread 0x0000028c80d20800 Exception <a 'sun/nio/fs/WindowsException'{0x0000000088c8a2d8}> (0x0000000088c8a2d8) thrown at [./src/hotspot/share/prims/jni.cpp, line 615]
Event: 30.038 Thread 0x0000028c80d1f800 Exception <a 'sun/nio/fs/WindowsException'{0x0000000088cf43f8}> (0x0000000088cf43f8) thrown at [./src/hotspot/share/prims/jni.cpp, line 615]
Event: 30.039 Thread 0x0000028c80d20800 Exception <a 'sun/nio/fs/WindowsException'{0x0000000088c90ac8}> (0x0000000088c90ac8) thrown at [./src/hotspot/share/prims/jni.cpp, line 615]
Event: 30.042 Thread 0x0000028c80d1f800 Exception <a 'sun/nio/fs/WindowsException'{0x0000000088a803d0}> (0x0000000088a803d0) thrown at [./src/hotspot/share/prims/jni.cpp, line 615]
Event: 30.042 Thread 0x0000028c80d1e000 Exception <a 'sun/nio/fs/WindowsException'{0x0000000088bf9748}> (0x0000000088bf9748) thrown at [./src/hotspot/share/prims/jni.cpp, line 615]
Event: 30.044 Thread 0x0000028c80d1a800 Exception <a 'sun/nio/fs/WindowsException'{0x0000000088aa3748}> (0x0000000088aa3748) thrown at [./src/hotspot/share/prims/jni.cpp, line 615]
Event: 30.048 Thread 0x0000028c80d1f800 Exception <a 'sun/nio/fs/WindowsException'{0x0000000088a868e8}> (0x0000000088a868e8) thrown at [./src/hotspot/share/prims/jni.cpp, line 615]
Event: 30.048 Thread 0x0000028c80d20800 Exception <a 'sun/nio/fs/WindowsException'{0x0000000088ae6d90}> (0x0000000088ae6d90) thrown at [./src/hotspot/share/prims/jni.cpp, line 615]
Event: 30.050 Thread 0x0000028c80d1a800 Exception <a 'sun/nio/fs/WindowsException'{0x00000000889dadf8}> (0x00000000889dadf8) thrown at [./src/hotspot/share/prims/jni.cpp, line 615]
Event: 30.055 Thread 0x0000028c80d20800 Exception <a 'sun/nio/fs/WindowsException'{0x0000000088869cc0}> (0x0000000088869cc0) thrown at [./src/hotspot/share/prims/jni.cpp, line 615]
Event: 30.055 Thread 0x0000028c80d1f800 Exception <a 'sun/nio/fs/WindowsException'{0x00000000888b7738}> (0x00000000888b7738) thrown at [./src/hotspot/share/prims/jni.cpp, line 615]
Event: 30.058 Thread 0x0000028c80d1d000 Exception <a 'sun/nio/fs/WindowsException'{0x00000000888ea660}> (0x00000000888ea660) thrown at [./src/hotspot/share/prims/jni.cpp, line 615]
Event: 30.059 Thread 0x0000028c80d20800 Exception <a 'sun/nio/fs/WindowsException'{0x0000000088872460}> (0x0000000088872460) thrown at [./src/hotspot/share/prims/jni.cpp, line 615]
Event: 30.060 Thread 0x0000028c80d1e000 Exception <a 'sun/nio/fs/WindowsException'{0x0000000088787940}> (0x0000000088787940) thrown at [./src/hotspot/share/prims/jni.cpp, line 615]
Event: 30.657 Thread 0x0000028cfc931800 Exception <a 'sun/nio/fs/WindowsException'{0x0000000089432798}> (0x0000000089432798) thrown at [./src/hotspot/share/prims/jni.cpp, line 615]
Event: 31.187 Thread 0x0000028cfc931800 Implicit null exception at 0x0000028ce8972380 to 0x0000028ce89725e8

Events (20 events):
Event: 31.895 loading class com/android/tools/r8/code/R2 done
Event: 31.896 loading class com/android/tools/r8/code/Q2
Event: 31.896 loading class com/android/tools/r8/code/Q2 done
Event: 31.896 loading class com/android/tools/r8/code/S2
Event: 31.896 loading class com/android/tools/r8/code/S2 done
Event: 31.896 loading class com/android/tools/r8/code/O2
Event: 31.896 loading class com/android/tools/r8/code/O2 done
Event: 31.930 Executing VM operation: G1CollectForAllocation
Event: 31.934 Executing VM operation: G1CollectForAllocation done
Event: 32.007 Executing VM operation: CGC_Operation
Event: 32.029 Executing VM operation: CGC_Operation done
Event: 32.035 Executing VM operation: ICBufferFull
Event: 32.035 Executing VM operation: ICBufferFull done
Event: 32.053 Executing VM operation: ICBufferFull
Event: 32.053 Executing VM operation: ICBufferFull done
Event: 32.056 Executing VM operation: CGC_Operation
Event: 32.057 Executing VM operation: CGC_Operation done
Event: 32.184 Executing VM operation: ICBufferFull
Event: 32.184 Executing VM operation: ICBufferFull done
Event: 32.265 Executing VM operation: G1CollectForAllocation


Dynamic libraries:
0x00007ff708c50000 - 0x00007ff708c5a000 	D:\APP\Android studio\EXE\jre\bin\java.exe
0x00007ffb81590000 - 0x00007ffb81788000 	C:\Windows\SYSTEM32\ntdll.dll
0x00007ffb81490000 - 0x00007ffb8154f000 	C:\Windows\System32\KERNEL32.DLL
0x00007ffb7f300000 - 0x00007ffb7f5d2000 	C:\Windows\System32\KERNELBASE.dll
0x00007ffb7ef00000 - 0x00007ffb7f000000 	C:\Windows\System32\ucrtbase.dll
0x00007ffb56ad0000 - 0x00007ffb56ae9000 	D:\APP\Android studio\EXE\jre\bin\jli.dll
0x00007ffb80630000 - 0x00007ffb807cd000 	C:\Windows\System32\USER32.dll
0x00007ffb7f110000 - 0x00007ffb7f132000 	C:\Windows\System32\win32u.dll
0x00007ffb7f790000 - 0x00007ffb7f7bb000 	C:\Windows\System32\GDI32.dll
0x00007ffb7f140000 - 0x00007ffb7f24f000 	C:\Windows\System32\gdi32full.dll
0x00007ffb7f000000 - 0x00007ffb7f09d000 	C:\Windows\System32\msvcp_win.dll
0x00007ffb6d570000 - 0x00007ffb6d80a000 	C:\Windows\WinSxS\amd64_microsoft.windows.common-controls_6595b64144ccf1df_6.0.19041.1110_none_60b5254171f9507e\COMCTL32.dll
0x00007ffb7fde0000 - 0x00007ffb7fe7e000 	C:\Windows\System32\msvcrt.dll
0x00007ffb569a0000 - 0x00007ffb569b7000 	D:\APP\Android studio\EXE\jre\bin\VCRUNTIME140.dll
0x00007ffb807d0000 - 0x00007ffb80802000 	C:\Windows\System32\IMM32.DLL
0x00007ffb35350000 - 0x00007ffb353ed000 	D:\APP\Android studio\EXE\jre\bin\msvcp140.dll
0x00007ffb355b0000 - 0x00007ffb36095000 	D:\APP\Android studio\EXE\jre\bin\server\jvm.dll
0x00007ffb804c0000 - 0x00007ffb8056e000 	C:\Windows\System32\ADVAPI32.dll
0x00007ffb80b60000 - 0x00007ffb80bfc000 	C:\Windows\System32\sechost.dll
0x00007ffb80390000 - 0x00007ffb804b5000 	C:\Windows\System32\RPCRT4.dll
0x00007ffb74460000 - 0x00007ffb74487000 	C:\Windows\SYSTEM32\WINMM.dll
0x00007ffb76040000 - 0x00007ffb7604a000 	C:\Windows\SYSTEM32\VERSION.dll
0x00007ffb81480000 - 0x00007ffb81488000 	C:\Windows\System32\PSAPI.DLL
0x00007ffb6da80000 - 0x00007ffb6da89000 	C:\Windows\SYSTEM32\WSOCK32.dll
0x00007ffb80810000 - 0x00007ffb8087b000 	C:\Windows\System32\ws2_32.DLL
0x00007ffb7cb50000 - 0x00007ffb7cb62000 	C:\Windows\SYSTEM32\kernel.appcore.dll
0x00007ffb7a720000 - 0x00007ffb7a731000 	D:\APP\Android studio\EXE\jre\bin\verify.dll
0x00007ffb6c970000 - 0x00007ffb6cb54000 	C:\Windows\SYSTEM32\DBGHELP.DLL
0x00007ffb6c7e0000 - 0x00007ffb6c80c000 	C:\Windows\SYSTEM32\dbgcore.DLL
0x00007ffb7ee20000 - 0x00007ffb7eea2000 	C:\Windows\System32\bcryptPrimitives.dll
0x00007ffb72060000 - 0x00007ffb72089000 	D:\APP\Android studio\EXE\jre\bin\java.dll
0x00007ffb78e70000 - 0x00007ffb78e7b000 	D:\APP\Android studio\EXE\jre\bin\jimage.dll
0x00007ffb63ec0000 - 0x00007ffb63ed8000 	D:\APP\Android studio\EXE\jre\bin\zip.dll
0x00007ffb80d30000 - 0x00007ffb81473000 	C:\Windows\System32\SHELL32.dll
0x00007ffb7cd50000 - 0x00007ffb7d4e2000 	C:\Windows\SYSTEM32\windows.storage.dll
0x00007ffb80030000 - 0x00007ffb80384000 	C:\Windows\System32\combase.dll
0x00007ffb7e680000 - 0x00007ffb7e6b0000 	C:\Windows\SYSTEM32\Wldp.dll
0x00007ffb80580000 - 0x00007ffb8062d000 	C:\Windows\System32\SHCORE.dll
0x00007ffb7f6a0000 - 0x00007ffb7f6f5000 	C:\Windows\System32\shlwapi.dll
0x00007ffb7ebd0000 - 0x00007ffb7ebef000 	C:\Windows\SYSTEM32\profapi.dll
0x00007ffb63ea0000 - 0x00007ffb63eba000 	D:\APP\Android studio\EXE\jre\bin\net.dll
0x00007ffb74740000 - 0x00007ffb7484c000 	C:\Windows\SYSTEM32\WINHTTP.dll
0x00007ffb7e370000 - 0x00007ffb7e3da000 	C:\Windows\system32\mswsock.dll
0x00007ffb63e80000 - 0x00007ffb63e94000 	D:\APP\Android studio\EXE\jre\bin\nio.dll
0x00007ffb52590000 - 0x00007ffb525b7000 	C:\Users\admin\.gradle\native\e1d6ef7f7dcc3fd88c89a11ec53ec762bb8ba0a96d01ffa2cd45eb1d1d8dd5c5\windows-amd64\native-platform.dll
0x00007ffb32ed0000 - 0x00007ffb33014000 	C:\Users\admin\.gradle\native\5664cfc778a61ccfe75a443a1ab52a65af34e5dc3c78e0209fed803814484fcb\windows-amd64\native-platform-file-events.dll
0x00007ffb78e60000 - 0x00007ffb78e6a000 	D:\APP\Android studio\EXE\jre\bin\management.dll
0x00007ffb78e10000 - 0x00007ffb78e1d000 	D:\APP\Android studio\EXE\jre\bin\management_ext.dll
0x00007ffb7e560000 - 0x00007ffb7e578000 	C:\Windows\SYSTEM32\CRYPTSP.dll
0x00007ffb7dc90000 - 0x00007ffb7dcc4000 	C:\Windows\system32\rsaenh.dll
0x00007ffb7ec90000 - 0x00007ffb7ecb7000 	C:\Windows\System32\bcrypt.dll
0x00007ffb7eb90000 - 0x00007ffb7ebbe000 	C:\Windows\SYSTEM32\USERENV.dll
0x00007ffb7e580000 - 0x00007ffb7e58c000 	C:\Windows\SYSTEM32\CRYPTBASE.dll
0x00007ffb7e060000 - 0x00007ffb7e09b000 	C:\Windows\SYSTEM32\IPHLPAPI.DLL
0x00007ffb80d20000 - 0x00007ffb80d28000 	C:\Windows\System32\NSI.dll
0x00007ffb77240000 - 0x00007ffb77257000 	C:\Windows\SYSTEM32\dhcpcsvc6.DLL
0x00007ffb77220000 - 0x00007ffb7723d000 	C:\Windows\SYSTEM32\dhcpcsvc.DLL
0x00007ffb7e0a0000 - 0x00007ffb7e16a000 	C:\Windows\SYSTEM32\DNSAPI.dll

dbghelp: loaded successfully - version: 4.0.5 - missing functions: none
symbol engine: initialized successfully - sym options: 0x614 - pdb path: .;D:\APP\Android studio\EXE\jre\bin;C:\Windows\SYSTEM32;C:\Windows\WinSxS\amd64_microsoft.windows.common-controls_6595b64144ccf1df_6.0.19041.1110_none_60b5254171f9507e;D:\APP\Android studio\EXE\jre\bin\server;C:\Users\admin\.gradle\native\e1d6ef7f7dcc3fd88c89a11ec53ec762bb8ba0a96d01ffa2cd45eb1d1d8dd5c5\windows-amd64;C:\Users\admin\.gradle\native\5664cfc778a61ccfe75a443a1ab52a65af34e5dc3c78e0209fed803814484fcb\windows-amd64

VM Arguments:
jvm_args: --add-opens=java.base/java.util=ALL-UNNAMED --add-opens=java.base/java.lang=ALL-UNNAMED --add-opens=java.base/java.lang.invoke=ALL-UNNAMED --add-opens=java.base/java.util=ALL-UNNAMED --add-opens=java.prefs/java.util.prefs=ALL-UNNAMED --add-opens=java.prefs/java.util.prefs=ALL-UNNAMED --add-opens=java.base/java.nio.charset=ALL-UNNAMED --add-opens=java.base/java.net=ALL-UNNAMED --add-opens=java.base/java.util.concurrent.atomic=ALL-UNNAMED -Xmx2048m -Dfile.encoding=UTF-8 -Duser.country=CN -Duser.language=zh -Duser.variant 
java_command: org.gradle.launcher.daemon.bootstrap.GradleDaemon 7.3.3
java_class_path (initial): C:\Users\admin\.gradle\wrapper\dists\gradle-7.3.3-bin\6a41zxkdtcxs8rphpq6y0069z\gradle-7.3.3\lib\gradle-launcher-7.3.3.jar
Launcher Type: SUN_STANDARD

[Global flags]
     intx CICompilerCount                          = 4                                         {product} {ergonomic}
     uint ConcGCThreads                            = 3                                         {product} {ergonomic}
     uint G1ConcRefinementThreads                  = 10                                        {product} {ergonomic}
   size_t G1HeapRegionSize                         = 1048576                                   {product} {ergonomic}
    uintx GCDrainStackTargetSize                   = 64                                        {product} {ergonomic}
   size_t InitialHeapSize                          = 98566144                                  {product} {ergonomic}
   size_t MarkStackSize                            = 4194304                                   {product} {ergonomic}
   size_t MaxHeapSize                              = 2147483648                                {product} {command line}
   size_t MaxNewSize                               = 1287651328                                {product} {ergonomic}
   size_t MinHeapDeltaBytes                        = 1048576                                   {product} {ergonomic}
    uintx NonNMethodCodeHeapSize                   = 5836300                                {pd product} {ergonomic}
    uintx NonProfiledCodeHeapSize                  = 122910970                              {pd product} {ergonomic}
    uintx ProfiledCodeHeapSize                     = 122910970                              {pd product} {ergonomic}
    uintx ReservedCodeCacheSize                    = 251658240                              {pd product} {ergonomic}
     bool SegmentedCodeCache                       = true                                      {product} {ergonomic}
     bool UseCompressedClassPointers               = true                                 {lp64_product} {ergonomic}
     bool UseCompressedOops                        = true                                 {lp64_product} {ergonomic}
     bool UseG1GC                                  = true                                      {product} {ergonomic}
     bool UseLargePagesIndividualAllocation        = false                                  {pd product} {ergonomic}

Logging:
Log output configuration:
 #0: stdout all=warning uptime,level,tags
 #1: stderr all=off uptime,level,tags

Environment Variables:
JAVA_HOME=D:\APP\Java\JDK
PATH=D:\APP\VM\bin\;C:\Program Files (x86)\Common Files\Oracle\Java\javapath;C:\Windows\system32;C:\Windows;C:\Windows\System32\Wbem;C:\Windows\System32\WindowsPowerShell\v1.0\;C:\Windows\System32\OpenSSH\;D:\AHL-GEC-IDE(4.42)\gcc\bin;D:\APP\Java\JDK\jre\bin;D:\APP\Java\JDK\bin;D:\APP\MySQL\Files\MySQL Server 8.0\bin;D:\AndroidItem\app\Git\cmd;D:\QQ\Space\;D:\Vue\app\nodejs\;D:\APP\MySQL\Files\MySQL Shell 8.0\bin\;C:\Users\admin\AppData\Local\Microsoft\WindowsApps;D:\AHL-GEC-IDE(4.42)\gcc\bin;D:\APP\Microsoft VS Code\bin;C:\Users\admin\AppData\Roaming\npm;D:\Vue\app\nodejs\node_global;D:\Vue\app\nodejs\;
USERNAME=admin
OS=Windows_NT
PROCESSOR_IDENTIFIER=AMD64 Family 23 Model 96 Stepping 1, AuthenticAMD



---------------  S Y S T E M  ---------------

OS: Windows 10 , 64 bit Build 19041 (10.0.19041.2251)
OS uptime: 8 days 17:18 hours

CPU:total 12 (initial active 12) (12 cores per cpu, 2 threads per core) family 23 model 96 stepping 1 microcode 0x0, cmov, cx8, fxsr, mmx, sse, sse2, sse3, ssse3, sse4.1, sse4.2, popcnt, avx, avx2, aes, clmul, mmxext, 3dnowpref, lzcnt, sse4a, ht, tsc, tscinvbit, tscinv, bmi1, bmi2, adx, sha, fma

Memory: 4k page, system-wide physical 6013M (291M free)
TotalPageFile size 24445M (AvailPageFile size 1M)
current process WorkingSet (physical memory assigned to process): 424M, peak: 425M
current process commit charge ("private bytes"): 528M, peak: 561M

vm_info: OpenJDK 64-Bit Server VM (11.0.12+7-b1504.28-7817840) for windows-amd64 JRE (11.0.12+7-b1504.28-7817840), built on Oct 13 2021 22:12:33 by "builder" with MS VC++ 14.0 (VS2015)

END.
